#
# A fatal error has been detected by the Java Runtime Environment:
#
#  Internal Error (jvmciRuntime.cpp:1609), pid=54, tid=91
#  fatal error: Fatal exception in JVMCI: Error calling jdk.vm.ci.services.Services.serializeSavedProperties
#
# JRE version: OpenJDK Runtime Environment GraalVM CE 22.3.0 (17.0.5+8) (build 17.0.5+8-jvmci-22.3-b08)
# Java VM: OpenJDK 64-Bit Server VM GraalVM CE 22.3.0 (17.0.5+8-jvmci-22.3-b08, mixed mode, sharing, tiered, jvmci, jvmci compiler, compressed oops, compressed class ptrs, parallel gc, linux-amd64)
# Problematic frame:
# V  [libjvm.so+0x972714]  JVMCIRuntime::fatal_exception(JVMCIEnv*, char const*)+0x74
#
# Core dump will be written. Default location: Core dumps may be processed with "/usr/share/apport/apport -p%p -s%s -c%c -d%d -P%P -u%u -g%g -- %E" (or dumping to /home/runner/DearWeakNetwork/core.54)
#
# If you would like to submit a bug report, please visit:
#   https://github.com/oracle/graal/issues
#

---------------  S U M M A R Y ------------

Command Line: -XX:ThreadPriorityPolicy=1 -XX:+UnlockExperimentalVMOptions -XX:+EnableJVMCIProduct -XX:JVMCIThreadsPerNativeLibraryRuntime=1 -XX:-UnlockExperimentalVMOptions -Declipse.application=org.eclipse.jdt.ls.core.id1 -Dosgi.bundles.defaultStartLevel=4 -Declipse.product=org.eclipse.jdt.ls.core.product -Dlog.level=ALL -Xverify:none -XX:+UseParallelGC -XX:GCTimeRatio=4 -XX:AdaptiveSizePolicyWeight=90 -Dsun.zip.disableMemoryMapping=true -Xmx512m -Xms100m /nix/store/q9712qvwdh22a4krw4jz2sjrz07mvjbl-jdt-language-server-1.9.0/share/java/plugins/org.eclipse.equinox.launcher_1.6.400.v20210924-0641.jar --add-modules=ALL-SYSTEM --add-opens java.base/java.util=ALL-UNNAMED --add-opens java.base/java.lang=ALL-UNNAMED -configuration /home/runner/DearWeakNetwork/.cache/jdt-language-server/config -data /home/runner/.cache/jdt-language-server/data/home/runner/DearWeakNetwork

Host: Intel(R) Xeon(R) CPU @ 2.20GHz, 8 cores, 1G, Ubuntu 20.04.2 LTS
Time: Tue Apr 23 22:53:04 2024 UTC elapsed time: 563.006844 seconds (0d 0h 9m 23s)

---------------  T H R E A D  ---------------

Current thread (0x00007b4e840b1990):  JavaThread "JVMCI-native CompilerThread0" daemon [_thread_in_vm, id=91, stack(0x00007b4e68b1a000,0x00007b4e68d1a000)]


Current CompileTask:
JVMCI-native: 563007 9219       4       org.eclipse.core.internal.preferences.StringPool::add (59 bytes)

Stack: [0x00007b4e68b1a000,0x00007b4e68d1a000],  sp=0x00007b4e68d18380,  free space=2040k
Native frames: (J=compiled Java code, j=interpreted, Vv=VM code, C=native code)
V  [libjvm.so+0x972714]  JVMCIRuntime::fatal_exception(JVMCIEnv*, char const*)+0x74
V  [libjvm.so+0x93e2fe]  JVMCIEnv::copy_saved_properties()+0x14e
V  [libjvm.so+0x9732a9]  JVMCIRuntime::initialize(JVMCIEnv*)+0xb19
V  [libjvm.so+0x9738a2]  JVMCIRuntime::get_HotSpotJVMCIRuntime(JVMCIEnv*)+0x12
V  [libjvm.so+0x9749f2]  JVMCIRuntime::compile_method(JVMCIEnv*, JVMCICompiler*, methodHandle const&, int)+0xd2
V  [libjvm.so+0x5b0d20]  CompileBroker::invoke_compiler_on_method(CompileTask*)+0x1470
V  [libjvm.so+0x5b12e8]  CompileBroker::compiler_thread_loop()+0x528
V  [libjvm.so+0xd82460]  JavaThread::thread_main_inner()+0xd0
V  [libjvm.so+0xd85a40]  Thread::call_run()+0xc0
V  [libjvm.so+0xbdb1e1]  thread_native_entry(Thread*)+0xe1

Register to memory mapping:

RAX=0x00007b4e887fe000 points into unknown readable memory: 0x0000000000000058 | 58 00 00 00 00 00 00 00
RBX=0x00007b4e898f9398: <offset 0x0000000000ef5398> in /nix/store/gpxl5qgg8kicmcvivwmybwjlpf7wh20l-graalvm17-ce-22.3.0/lib/server/libjvm.so at 0x00007b4e88a04000
RCX=0x00007b4e898b11e8: <offset 0x0000000000ead1e8> in /nix/store/gpxl5qgg8kicmcvivwmybwjlpf7wh20l-graalvm17-ce-22.3.0/lib/server/libjvm.so at 0x00007b4e88a04000
RDX=0x0000000000000649 is an unknown value
RSP=0x00007b4e68d18380 is pointing into the stack for thread: 0x00007b4e840b1990
RBP=0x00007b4e68d183a0 is pointing into the stack for thread: 0x00007b4e840b1990
RSI=0x00007b4e898f9c48: <offset 0x0000000000ef5c48> in /nix/store/gpxl5qgg8kicmcvivwmybwjlpf7wh20l-graalvm17-ce-22.3.0/lib/server/libjvm.so at 0x00007b4e88a04000
RDI=0x00000000e0000000 is an oop: java.lang.String 
{0x00000000e0000000} - klass: 'java/lang/String'
 - string: "org/osgi/service/resolver/ResolutionException.class"
R8 =0x00007b4e898f9398: <offset 0x0000000000ef5398> in /nix/store/gpxl5qgg8kicmcvivwmybwjlpf7wh20l-graalvm17-ce-22.3.0/lib/server/libjvm.so at 0x00007b4e88a04000
R9 =0x00007b4e68d18330 is pointing into the stack for thread: 0x00007b4e840b1990
R10=0x00007b4e68d19948 is pointing into the stack for thread: 0x00007b4e840b1990
R11=0x0000000000000293 is an unknown value
R12=0x0 is NULL
R13=0x00007b4e840b1990 is a thread
R14=0x00007b4e84000b80 points into unknown readable memory: 0x00007b4e89b2aa38 | 38 aa b2 89 4e 7b 00 00
R15=0x00007b4e89c38e40: <offset 0x0000000001234e40> in /nix/store/gpxl5qgg8kicmcvivwmybwjlpf7wh20l-graalvm17-ce-22.3.0/lib/server/libjvm.so at 0x00007b4e88a04000


Registers:
RAX=0x00007b4e887fe000, RBX=0x00007b4e898f9398, RCX=0x00007b4e898b11e8, RDX=0x0000000000000649
RSP=0x00007b4e68d18380, RBP=0x00007b4e68d183a0, RSI=0x00007b4e898f9c48, RDI=0x00000000e0000000
R8 =0x00007b4e898f9398, R9 =0x00007b4e68d18330, R10=0x00007b4e68d19948, R11=0x0000000000000293
R12=0x0000000000000000, R13=0x00007b4e840b1990, R14=0x00007b4e84000b80, R15=0x00007b4e89c38e40
RIP=0x00007b4e89376714, EFLAGS=0x0000000000010206, CSGSFS=0x002b000000000033, ERR=0x0000000000000006
  TRAPNO=0x000000000000000e

Top of Stack: (sp=0x00007b4e68d18380)
0x00007b4e68d18380:   00007b4e68d18940 00007b4e840b1990
0x00007b4e68d18390:   00007b4e8818f8c8 0000000800c417a0
0x00007b4e68d183a0:   00007b4e68d18500 00007b4e893422fe
0x00007b4e68d183b0:   00007b4e68d183e0 00007b4e68d18440 

Instructions: (pc=0x00007b4e89376714)
0x00007b4e89376614:   30 e8 f6 cf e8 ff 4c 89 e7 e8 2e 48 d1 ff 84 db
0x00007b4e89376624:   75 2a 4d 85 ed 74 04 4d 8b 6d 00 48 83 c4 08 44
0x00007b4e89376634:   89 f9 4c 89 f2 4c 89 ee 5b 4c 89 e7 41 5c 41 5d
0x00007b4e89376644:   41 5e 41 5f 5d e9 e2 47 d1 ff 66 90 48 83 c4 08
0x00007b4e89376654:   5b 41 5c 41 5d 41 5e 41 5f 5d c3 90 31 d2 be 08
0x00007b4e89376664:   00 00 00 4c 89 ff e8 b1 78 a3 ff 49 89 c5 e9 37
0x00007b4e89376674:   ff ff ff 66 0f 1f 84 00 00 00 00 00 48 8b 7a 08
0x00007b4e89376684:   e9 6d ff ff ff 0f 1f 80 00 00 00 00 e8 5b 48 0a
0x00007b4e89376694:   00 84 c0 75 89 e9 6a ff ff ff 66 90 55 48 89 e5
0x00007b4e893766a4:   41 56 41 55 41 54 49 89 fc 53 48 89 f3 66 48 8d
0x00007b4e893766b4:   3d 27 5e 85 00 66 66 48 e8 df 43 8d ff 4c 8b 28
0x00007b4e893766c4:   8b 05 be 72 8a 00 85 c0 75 14 ba 01 00 00 00 48
0x00007b4e893766d4:   8d 0d ae 72 8a 00 f0 0f b1 11 85 c0 74 4e be c8
0x00007b4e893766e4:   00 00 00 4c 89 ef e8 01 0b 41 00 48 8d 05 12 ac
0x00007b4e893766f4:   85 00 49 89 d8 48 8d 0d e8 aa 53 00 ba 49 06 00
0x00007b4e89376704:   00 48 8d 35 3c 35 58 00 bf 00 00 00 e0 48 8b 00
0x00007b4e89376714:   c6 00 58 31 c0 e8 e2 91 c6 ff 5b 41 5c 41 5d 41
0x00007b4e89376724:   5e 5d e9 55 34 26 00 0f 1f 44 00 00 48 8d 05 81
0x00007b4e89376734:   a3 8b 00 48 89 df 4c 8b 30 e8 9e 43 8d ff 48 89
0x00007b4e89376744:   de 48 89 c2 49 8b 06 4c 89 f7 ff 50 08 4c 89 f7
0x00007b4e89376754:   e8 a7 5c 27 00 4d 85 e4 74 12 be 01 00 00 00 4c
0x00007b4e89376764:   89 e7 e8 35 43 fc ff eb 82 0f 1f 00 be 01 00 00
0x00007b4e89376774:   00 4c 89 ef e8 d3 fd ff ff e9 6d ff ff ff 66 66
0x00007b4e89376784:   2e 0f 1f 84 00 00 00 00 00 0f 1f 00 55 48 89 e5
0x00007b4e89376794:   41 57 41 56 41 55 41 54 53 48 81 ec 08 02 00 00
0x00007b4e893767a4:   64 48 8b 04 25 28 00 00 00 48 89 45 c8 8b 07 83
0x00007b4e893767b4:   f8 02 0f 84 11 04 00 00 4c 8b 6f 18 49 89 ff 49
0x00007b4e893767c4:   89 f4 4d 85 ed 74 14 4c 89 ef e8 5d 57 22 00 41
0x00007b4e893767d4:   8b 07 83 f8 02 0f 84 19 04 00 00 48 8d 1d 9a 06
0x00007b4e893767e4:   8a 00 4c 8d 35 0b 3c 58 00 eb 38 90 48 85 d2 7f
0x00007b4e893767f4:   0d 48 8d 05 b4 c0 85 00 48 83 38 00 7e 0e 41 8b
0x00007b4e89376804:   77 2c 4c 89 f7 31 c0 e8 a0 b2 f7 ff 49 8b 7f 18 


Stack slot to memory mapping:
stack at sp + 0 slots: 0x00007b4e68d18940 is pointing into the stack for thread: 0x00007b4e840b1990
stack at sp + 1 slots: 0x00007b4e840b1990 is a thread
stack at sp + 2 slots: 0x00007b4e8818f8c8 points into unknown readable memory: 0x65730018052dffff | ff ff 2d 05 18 00 73 65
stack at sp + 3 slots: 0x0000000800c417a0 is a pointer to class: 
jdk.vm.ci.services.Services {0x0000000800c417a0}
 - instance size:     2
 - klass size:        65
 - access:            public final synchronized 
 - state:             fully_initialized
 - name:              'jdk/vm/ci/services/Services'
 - super:             'java/lang/Object'
 - sub:               
 - arrays:            NULL
 - methods:           Array<T>(0x00007b4e69443440)
 - method ordering:   Array<T>(0x0000000800928960)
 - default_methods:   Array<T>(0x0000000000000000)
 - local interfaces:  Array<T>(0x00000008005ce810)
 - trans. interfaces: Array<T>(0x00000008005ce810)
 - constants:         constant pool [427] {0x00007b4e69442408} for 'jdk/vm/ci/services/Services' cache=0x00007b4e69444828
 - class loader data:  loader data: 0x00007b4e84027b90 of 'bootstrap'
 - source file:       'Services.java'
 - class annotations:       Array<T>(0x0000000000000000)
 - class type annotations:  Array<T>(0x0000000000000000)
 - field annotations:       Array<T>(0x0000000000000000)
 - field type annotations:  Array<T>(0x0000000000000000)
 - inner classes:     Array<T>(0x00007b4e694447c0)
 - nest members:     Array<T>(0x00007b4e694447e0)
 - permitted subclasses:     Array<T>(0x00000008005ce7a0)
 - java mirror:       a 'java/lang/Class'{0x00000000e02a3638} = 'jdk/vm/ci/services/Services'
 - vtable length      5  (start addr: 0x0000000800c41970)
 - itable length      2 (start addr: 0x0000000800c41998)
 - ---- static fields (3 words):
 - public static final 'IS_BUILDING_NATIVE_IMAGE' 'Z' @128 
 - public static final 'IS_IN_NATIVE_IMAGE' 'Z' @129 
 - private static volatile 'savedProperties' 'Ljava/util/Map;' @112 
 - static final 'JVMCI_ENABLED' 'Z' @130 
 - private static final 'servicesCache' 'Ljava/util/Map;' @116 
 - private static final 'MAX_UNICODE_IN_UTF8_LENGTH' 'I' @120 
 - private static final 'MAX_UTF8_PROPERTY_STRING_LENGTH' 'I' @124 
 - ---- non-static fields (0 words):
 - non-static oop maps: 
stack at sp + 4 slots: 0x00007b4e68d18500 is pointing into the stack for thread: 0x00007b4e840b1990
stack at sp + 5 slots: 0x00007b4e893422fe: <offset 0x000000000093e2fe> in /nix/store/gpxl5qgg8kicmcvivwmybwjlpf7wh20l-graalvm17-ce-22.3.0/lib/server/libjvm.so at 0x00007b4e88a04000
stack at sp + 6 slots: 0x00007b4e68d183e0 is pointing into the stack for thread: 0x00007b4e840b1990
stack at sp + 7 slots: 0x00007b4e68d18440 is pointing into the stack for thread: 0x00007b4e840b1990


---------------  P R O C E S S  ---------------

Threads class SMR info:
_java_thread_list=0x00007b4e082eec30, length=24, elements={
0x00007b4e84025e30, 0x00007b4e840a5c80, 0x00007b4e840a70c0, 0x00007b4e840ad800,
0x00007b4e840aebb0, 0x00007b4e840affa0, 0x00007b4e840b1990, 0x00007b4e840b2ea0,
0x00007b4e840b42f0, 0x00007b4e840df770, 0x00007b4e84127590, 0x00007b4e842dd6e0,
0x00007b4e843259a0, 0x00007b4e84328b90, 0x00007b4e1807f230, 0x00007b4e184a4150,
0x00007b4e18503b50, 0x00007b4e1868bd10, 0x00007b4e18147070, 0x00007b4e843649d0,
0x00007b4e843f9dc0, 0x00007b4dfc001130, 0x00007b4dfc0f1e40, 0x00007b4e08007270
}

Java Threads: ( => current thread )
  0x00007b4e84025e30 JavaThread "main" [_thread_blocked, id=83, stack(0x00007b4e8881f000,0x00007b4e8891f000)]
  0x00007b4e840a5c80 JavaThread "Reference Handler" daemon [_thread_blocked, id=86, stack(0x00007b4e69cdc000,0x00007b4e69ddc000)]
  0x00007b4e840a70c0 JavaThread "Finalizer" daemon [_thread_blocked, id=87, stack(0x00007b4e69300000,0x00007b4e69400000)]
  0x00007b4e840ad800 JavaThread "Signal Dispatcher" daemon [_thread_blocked, id=88, stack(0x00007b4e68f1a000,0x00007b4e6901a000)]
  0x00007b4e840aebb0 JavaThread "Service Thread" daemon [_thread_blocked, id=89, stack(0x00007b4e68e1a000,0x00007b4e68f1a000)]
  0x00007b4e840affa0 JavaThread "Monitor Deflation Thread" daemon [_thread_blocked, id=90, stack(0x00007b4e68d1a000,0x00007b4e68e1a000)]
=>0x00007b4e840b1990 JavaThread "JVMCI-native CompilerThread0" daemon [_thread_in_vm, id=91, stack(0x00007b4e68b1a000,0x00007b4e68d1a000)]
  0x00007b4e840b2ea0 JavaThread "C1 CompilerThread0" daemon [_thread_blocked, id=92, stack(0x00007b4e6891a000,0x00007b4e68b1a000)]
  0x00007b4e840b42f0 JavaThread "Sweeper thread" daemon [_thread_blocked, id=93, stack(0x00007b4e6881a000,0x00007b4e6891a000)]
  0x00007b4e840df770 JavaThread "Common-Cleaner" daemon [_thread_blocked, id=94, stack(0x00007b4e6871a000,0x00007b4e6881a000)]
  0x00007b4e84127590 JavaThread "Notification Thread" daemon [_thread_blocked, id=102, stack(0x00007b4e6861a000,0x00007b4e6871a000)]
  0x00007b4e842dd6e0 JavaThread "Active Thread: Equinox Container: b761f110-b454-4bc8-8711-4a77b32ee000" [_thread_blocked, id=112, stack(0x00007b4e68300000,0x00007b4e68400000)]
  0x00007b4e843259a0 JavaThread "Framework Event Dispatcher: Equinox Container: b761f110-b454-4bc8-8711-4a77b32ee000" daemon [_thread_blocked, id=113, stack(0x00007b4e68100000,0x00007b4e68200000)]
  0x00007b4e84328b90 JavaThread "Start Level: Equinox Container: b761f110-b454-4bc8-8711-4a77b32ee000" daemon [_thread_blocked, id=114, stack(0x00007b4e30900000,0x00007b4e30a00000)]
  0x00007b4e1807f230 JavaThread "SCR Component Actor" daemon [_thread_blocked, id=118, stack(0x00007b4e30700000,0x00007b4e30800000)]
  0x00007b4e184a4150 JavaThread "Worker-JM" [_thread_blocked, id=123, stack(0x00007b4e30300000,0x00007b4e30400000)]
  0x00007b4e18503b50 JavaThread "Worker-0: Periodic workspace save." [_thread_blocked, id=124, stack(0x00007b4e30100000,0x00007b4e30200000)]
  0x00007b4e1868bd10 JavaThread "Java indexing" daemon [_thread_blocked, id=126, stack(0x00007b4e2fd00000,0x00007b4e2fe00000)]
  0x00007b4e18147070 JavaThread "Bundle File Closer" daemon [_thread_blocked, id=130, stack(0x00007b4e2fb00000,0x00007b4e2fc00000)]
  0x00007b4e843649d0 JavaThread "pool-3-thread-1" [_thread_blocked, id=131, stack(0x00007b4e2f900000,0x00007b4e2fa00000)]
  0x00007b4e843f9dc0 JavaThread "pool-2-thread-1" [_thread_blocked, id=142, stack(0x00007b4e30500000,0x00007b4e30600000)]
  0x00007b4dfc001130 JavaThread "Worker-3: Java indexing... " [_thread_blocked, id=143, stack(0x00007b4e2f500000,0x00007b4e2f600000)]
  0x00007b4dfc0f1e40 JavaThread "Worker-5" [_thread_blocked, id=156, stack(0x00007b4e2ef00000,0x00007b4e2f000000)]
  0x00007b4e08007270 JavaThread "Worker-6" [_thread_blocked, id=542, stack(0x00007b4e2f300000,0x00007b4e2f400000)]

Other Threads:
  0x00007b4e840a13c0 VMThread "VM Thread" [stack: 0x00007b4e69dde000,0x00007b4e69ede000] [id=85] _threads_hazard_ptr=0x00007b4e082eec30
  0x00007b4e84128f30 WatcherThread [stack: 0x00007b4e6851a000,0x00007b4e6861a000] [id=103]
  0x00007b4e8403d730 GCTaskThread "GC Thread#0" [stack: 0x00007b4e883e2000,0x00007b4e884e2000] [id=84]

Threads with active compile tasks:
JVMCI-native CompilerThread0   563153 9219       4       org.eclipse.core.internal.preferences.StringPool::add (59 bytes)

VM state: synchronizing (normal execution)

VM Mutex/Monitor currently owned by a thread:  ([mutex/lock_event])
[0x00007b4e84022f80] Threads_lock - owner thread: 0x00007b4e840a13c0
[0x00007b4e84023730] Heap_lock - owner thread: 0x00007b4e18503b50

OutOfMemory and StackOverflow Exception counts:
OutOfMemoryError java_heap_errors=9
LinkageErrors=62

Heap address: 0x00000000e0000000, size: 512 MB, Compressed Oops mode: 32-bit

CDS archive(s) mapped at: [0x0000000800000000-0x0000000800bc8000-0x0000000800bc8000), size 12353536, SharedBaseAddress: 0x0000000800000000, ArchiveRelocationMode: 0.
Compressed class space mapped at: 0x0000000800c00000-0x0000000840c00000, reserved size: 1073741824
Narrow klass base: 0x0000000800000000, Narrow klass shift: 0, Narrow klass range: 0x100000000

GC Precious Log:
 CPUs: 8 total, 1 available
 Memory: 1024M
 Large Page Support: Disabled
 NUMA Support: Disabled
 Compressed Oops: Enabled (32-bit)
 Alignments: Space 512K, Generation 512K, Heap 2M
 Heap Min Capacity: 100M
 Heap Initial Capacity: 100M
 Heap Max Capacity: 512M
 Pre-touch: Disabled
 Parallel Workers: 1

Heap:
 PSYoungGen      total 39936K, used 28672K [0x00000000f5580000, 0x00000000f9100000, 0x0000000100000000)
  eden space 28672K, 100% used [0x00000000f5580000,0x00000000f7180000,0x00000000f7180000)
  from space 11264K, 0% used [0x00000000f7180000,0x00000000f7180000,0x00000000f7c80000)
  to   space 13824K, 0% used [0x00000000f8380000,0x00000000f8380000,0x00000000f9100000)
 ParOldGen       total 349696K, used 349694K [0x00000000e0000000, 0x00000000f5580000, 0x00000000f5580000)
  object space 349696K, 99% used [0x00000000e0000000,0x00000000f557f9b8,0x00000000f5580000)
 Metaspace       used 56836K, committed 58048K, reserved 1105920K
  class space    used 5648K, committed 6144K, reserved 1048576K

Card table byte_map: [0x00007b4e884e2000,0x00007b4e885e3000] _byte_map_base: 0x00007b4e87de2000

Marking Bits: (ParMarkBitMap*) 0x00007b4e89c324c0
 Begin Bits: [0x00007b4e6a4b3000, 0x00007b4e6acb3000)
 End Bits:   [0x00007b4e6acb3000, 0x00007b4e6b4b3000)

Polling page: 0x00007b4e887fc000

Metaspace:

Usage:
  Non-class:     49.99 MB used.
      Class:      5.52 MB used.
       Both:     55.50 MB used.

Virtual space:
  Non-class space:       56.00 MB reserved,      50.69 MB ( 91%) committed,  7 nodes.
      Class space:        1.00 GB reserved,       6.00 MB ( <1%) committed,  1 nodes.
             Both:        1.05 GB reserved,      56.69 MB (  5%) committed. 

Chunk freelists:
   Non-Class:  1.04 MB
       Class:  2.06 MB
        Both:  3.09 MB

MaxMetaspaceSize: unlimited
CompressedClassSpaceSize: 1.00 GB
Initial GC threshold: 21.00 MB
Current GC threshold: 94.38 MB
CDS: on
MetaspaceReclaimPolicy: balanced
 - commit_granule_bytes: 65536.
 - commit_granule_words: 8192.
 - virtual_space_node_default_size: 1048576.
 - enlarge_chunks_in_place: 1.
 - new_chunks_are_fully_committed: 0.
 - uncommit_free_chunks: 1.
 - use_allocation_guard: 0.
 - handle_deallocations: 1.


Internal statistics:

num_allocs_failed_limit: 8.
num_arena_births: 502.
num_arena_deaths: 148.
num_vsnodes_births: 8.
num_vsnodes_deaths: 0.
num_space_committed: 906.
num_space_uncommitted: 0.
num_chunks_returned_to_freelist: 211.
num_chunks_taken_from_freelist: 2804.
num_chunk_merges: 89.
num_chunk_splits: 1756.
num_chunks_enlarged: 1031.
num_purges: 12.
num_inconsistent_stats: 0.

CodeHeap 'non-profiled nmethods': size=120036Kb used=2456Kb max_used=2575Kb free=117579Kb
 bounds [0x00007b4e72f7a000, 0x00007b4e7320a000, 0x00007b4e7a4b3000]
CodeHeap 'profiled nmethods': size=120032Kb used=13778Kb max_used=16464Kb free=106253Kb
 bounds [0x00007b4e6ba42000, 0x00007b4e6ca62000, 0x00007b4e72f7a000]
CodeHeap 'non-nmethods': size=5692Kb used=1374Kb max_used=1391Kb free=4317Kb
 bounds [0x00007b4e6b4b3000, 0x00007b4e6b723000, 0x00007b4e6ba42000]
 total_blobs=7443 nmethods=6736 adapters=611
 compilation: enabled
              stopped_count=0, restarted_count=0
 full_count=0

JVMCI Events (20 events):
Event: 294.954 Thread 0x00007b4e840b1990 compacted oop handles in JVMCI runtime 0 from 42 to 42
Event: 294.954 Thread 0x00007b4e840b1990 releasing handles for JVMCI runtime 0: oop handles=42, metadata handles={total=87, live=76, blocks=37}
Event: 294.954 Thread 0x00007b4e840b1990 detached from JVMCI runtime 0
Event: 464.428 Thread 0x00007b4e840b1990 attached to JVMCI runtime 0
Event: 464.431 Thread 0x00007b4e840b1990 created JavaVM[5]@0x00007b4deea9e340 for JVMCI runtime 0
Event: 464.431 Thread 0x00007b4e840b1990 initializing JVMCI runtime 0
Event: 464.431 Thread 0x00007b4e840b1990 done waiting for JavaVM references initialization in JVMCI runtime 0
Event: 479.562 Thread 0x00007b4e840b1990 initialized JVMCI runtime 0
Event: 483.462 Thread 0x00007b4e840b1990 compacted oop handles in JVMCI runtime 0 from 51 to 50
Event: 485.485 Thread 0x00007b4e840b1990 detaching from JVMCI runtime 0: releasing idle compiler thread (0 other threads still attached)
Event: 485.485 Thread 0x00007b4e840b1990 shutting down HotSpotJVMCIRuntime for JVMCI runtime 0
Event: 487.457 Thread 0x00007b4e840b1990 shut down JVMCI runtime 0
Event: 489.289 Thread 0x00007b4e840b1990 destroyed JavaVM[5]@0x00007b4deea9e340 for JVMCI runtime 0
Event: 489.289 Thread 0x00007b4e840b1990 compacted oop handles in JVMCI runtime 0 from 51 to 51
Event: 489.289 Thread 0x00007b4e840b1990 releasing handles for JVMCI runtime 0: oop handles=51, metadata handles={total=91, live=80, blocks=37}
Event: 489.289 Thread 0x00007b4e840b1990 detached from JVMCI runtime 0
Event: 489.289 Thread 0x00007b4e840b1990 attached to JVMCI runtime 0
Event: 489.295 Thread 0x00007b4e840b1990 created JavaVM[6]@0x00007b4deea9e340 for JVMCI runtime 0
Event: 489.295 Thread 0x00007b4e840b1990 initializing JVMCI runtime 0
Event: 489.295 Thread 0x00007b4e840b1990 done waiting for JavaVM references initialization in JVMCI runtime 0

Compilation events (20 events):
Event: 292.787 Thread 0x00007b4e840b1990 nmethod 9209 0x00007b4e73169210 code [0x00007b4e73169380, 0x00007b4e731693e8]
Event: 406.988 Thread 0x00007b4e840b2ea0 9210       3       org.eclipse.core.internal.utils.StringPool::add (59 bytes)
Event: 411.733 Thread 0x00007b4e840b2ea0 nmethod 9210 0x00007b4e6c405e10 code [0x00007b4e6c406000, 0x00007b4e6c4069d0]
Event: 411.733 Thread 0x00007b4e840b2ea0 9211       3       org.eclipse.core.internal.dtree.AbstractDataTreeNode::storeStrings (42 bytes)
Event: 413.953 Thread 0x00007b4e840b2ea0 nmethod 9211 0x00007b4e6c15dd10 code [0x00007b4e6c15dee0, 0x00007b4e6c15e3b0]
Event: 422.369 Thread 0x00007b4e840b2ea0 9212       3       java.util.concurrent.ThreadPoolExecutor::runStateAtLeast (11 bytes)
Event: 422.369 Thread 0x00007b4e840b2ea0 nmethod 9212 0x00007b4e6bc17890 code [0x00007b4e6bc17a20, 0x00007b4e6bc17b70]
Event: 424.160 Thread 0x00007b4e840b2ea0 9213       3       org.eclipse.core.internal.dtree.DataTreeNode::storeStrings (28 bytes)
Event: 424.160 Thread 0x00007b4e840b2ea0 nmethod 9213 0x00007b4e6bbc7990 code [0x00007b4e6bbc7b60, 0x00007b4e6bbc83f0]
Event: 426.252 Thread 0x00007b4e840b2ea0 9214  s    3       org.eclipse.jdt.internal.core.search.processing.JobManager::currentJob (35 bytes)
Event: 426.253 Thread 0x00007b4e840b2ea0 nmethod 9214 0x00007b4e6c072490 code [0x00007b4e6c072660, 0x00007b4e6c072fb0]
Event: 453.394 Thread 0x00007b4e840b2ea0 9215       3       org.eclipse.core.internal.preferences.ImmutableMap$ArrayMap::shareStrings (87 bytes)
Event: 457.063 Thread 0x00007b4e840b2ea0 nmethod 9215 0x00007b4e6be8de10 code [0x00007b4e6be8e020, 0x00007b4e6be8ea30]
Event: 464.428 Thread 0x00007b4e840b1990 9216       4       java.lang.ref.ReferenceQueue::reallyPoll (65 bytes)
Event: 475.873 Thread 0x00007b4e840b2ea0 9217       3       java.util.concurrent.locks.AbstractQueuedSynchronizer$ConditionObject::signal (34 bytes)
Event: 479.562 Thread 0x00007b4e840b2ea0 nmethod 9217 0x00007b4e6be97490 code [0x00007b4e6be97660, 0x00007b4e6be97b00]
Event: 483.462 Thread 0x00007b4e840b1990 nmethod 9216 0x00007b4e73132810 code [0x00007b4e731329a0, 0x00007b4e73132af0]
Event: 483.462 Thread 0x00007b4e840b1990 9218       4       java.lang.AbstractStringBuilder::checkRange (63 bytes)
Event: 483.464 Thread 0x00007b4e840b1990 nmethod 9218 0x00007b4e73123310 code [0x00007b4e73123480, 0x00007b4e731234e8]
Event: 489.289 Thread 0x00007b4e840b1990 9219       4       org.eclipse.core.internal.preferences.StringPool::add (59 bytes)

GC Heap History (20 events):
Event: 544.677 GC heap before
{Heap before GC invocations=355 (full 228):
 PSYoungGen      total 39936K, used 28671K [0x00000000f5580000, 0x00000000f9100000, 0x0000000100000000)
  eden space 28672K, 99% used [0x00000000f5580000,0x00000000f717fff8,0x00000000f7180000)
  from space 11264K, 0% used [0x00000000f7180000,0x00000000f7180000,0x00000000f7c80000)
  to   space 13824K, 0% used [0x00000000f8380000,0x00000000f8380000,0x00000000f9100000)
 ParOldGen       total 349696K, used 349695K [0x00000000e0000000, 0x00000000f5580000, 0x00000000f5580000)
  object space 349696K, 99% used [0x00000000e0000000,0x00000000f557ffe8,0x00000000f5580000)
 Metaspace       used 56836K, committed 58048K, reserved 1105920K
  class space    used 5648K, committed 6144K, reserved 1048576K
}
Event: 546.574 GC heap after
{Heap after GC invocations=355 (full 228):
 PSYoungGen      total 42496K, used 28671K [0x00000000f5580000, 0x00000000f9100000, 0x0000000100000000)
  eden space 28672K, 99% used [0x00000000f5580000,0x00000000f717ffd8,0x00000000f7180000)
  from space 13824K, 0% used [0x00000000f8380000,0x00000000f8380000,0x00000000f9100000)
  to   space 11264K, 0% used [0x00000000f7180000,0x00000000f7180000,0x00000000f7c80000)
 ParOldGen       total 349696K, used 349695K [0x00000000e0000000, 0x00000000f5580000, 0x00000000f5580000)
  object space 349696K, 99% used [0x00000000e0000000,0x00000000f557ffe8,0x00000000f5580000)
 Metaspace       used 56836K, committed 58048K, reserved 1105920K
  class space    used 5648K, committed 6144K, reserved 1048576K
}
Event: 546.574 GC heap before
{Heap before GC invocations=356 (full 229):
 PSYoungGen      total 42496K, used 28671K [0x00000000f5580000, 0x00000000f9100000, 0x0000000100000000)
  eden space 28672K, 99% used [0x00000000f5580000,0x00000000f717ffd8,0x00000000f7180000)
  from space 13824K, 0% used [0x00000000f8380000,0x00000000f8380000,0x00000000f9100000)
  to   space 11264K, 0% used [0x00000000f7180000,0x00000000f7180000,0x00000000f7c80000)
 ParOldGen       total 349696K, used 349695K [0x00000000e0000000, 0x00000000f5580000, 0x00000000f5580000)
  object space 349696K, 99% used [0x00000000e0000000,0x00000000f557ffe8,0x00000000f5580000)
 Metaspace       used 56836K, committed 58048K, reserved 1105920K
  class space    used 5648K, committed 6144K, reserved 1048576K
}
Event: 548.360 GC heap after
{Heap after GC invocations=356 (full 229):
 PSYoungGen      total 39936K, used 28671K [0x00000000f5580000, 0x00000000f9100000, 0x0000000100000000)
  eden space 28672K, 99% used [0x00000000f5580000,0x00000000f717ffd8,0x00000000f7180000)
  from space 11264K, 0% used [0x00000000f7180000,0x00000000f7180000,0x00000000f7c80000)
  to   space 13824K, 0% used [0x00000000f8380000,0x00000000f8380000,0x00000000f9100000)
 ParOldGen       total 349696K, used 349695K [0x00000000e0000000, 0x00000000f5580000, 0x00000000f5580000)
  object space 349696K, 99% used [0x00000000e0000000,0x00000000f557ffe8,0x00000000f5580000)
 Metaspace       used 56836K, committed 58048K, reserved 1105920K
  class space    used 5648K, committed 6144K, reserved 1048576K
}
Event: 548.363 GC heap before
{Heap before GC invocations=357 (full 230):
 PSYoungGen      total 39936K, used 28671K [0x00000000f5580000, 0x00000000f9100000, 0x0000000100000000)
  eden space 28672K, 99% used [0x00000000f5580000,0x00000000f717fff8,0x00000000f7180000)
  from space 11264K, 0% used [0x00000000f7180000,0x00000000f7180000,0x00000000f7c80000)
  to   space 13824K, 0% used [0x00000000f8380000,0x00000000f8380000,0x00000000f9100000)
 ParOldGen       total 349696K, used 349696K [0x00000000e0000000, 0x00000000f5580000, 0x00000000f5580000)
  object space 349696K, 100% used [0x00000000e0000000,0x00000000f5580000,0x00000000f5580000)
 Metaspace       used 56836K, committed 58048K, reserved 1105920K
  class space    used 5648K, committed 6144K, reserved 1048576K
}
Event: 550.298 GC heap after
{Heap after GC invocations=357 (full 230):
 PSYoungGen      total 42496K, used 28671K [0x00000000f5580000, 0x00000000f9100000, 0x0000000100000000)
  eden space 28672K, 99% used [0x00000000f5580000,0x00000000f717ff70,0x00000000f7180000)
  from space 13824K, 0% used [0x00000000f8380000,0x00000000f8380000,0x00000000f9100000)
  to   space 11264K, 0% used [0x00000000f7180000,0x00000000f7180000,0x00000000f7c80000)
 ParOldGen       total 349696K, used 349693K [0x00000000e0000000, 0x00000000f5580000, 0x00000000f5580000)
  object space 349696K, 99% used [0x00000000e0000000,0x00000000f557f488,0x00000000f5580000)
 Metaspace       used 56836K, committed 58048K, reserved 1105920K
  class space    used 5648K, committed 6144K, reserved 1048576K
}
Event: 550.298 GC heap before
{Heap before GC invocations=358 (full 231):
 PSYoungGen      total 42496K, used 28671K [0x00000000f5580000, 0x00000000f9100000, 0x0000000100000000)
  eden space 28672K, 99% used [0x00000000f5580000,0x00000000f717ffc8,0x00000000f7180000)
  from space 13824K, 0% used [0x00000000f8380000,0x00000000f8380000,0x00000000f9100000)
  to   space 11264K, 0% used [0x00000000f7180000,0x00000000f7180000,0x00000000f7c80000)
 ParOldGen       total 349696K, used 349693K [0x00000000e0000000, 0x00000000f5580000, 0x00000000f5580000)
  object space 349696K, 99% used [0x00000000e0000000,0x00000000f557f488,0x00000000f5580000)
 Metaspace       used 56836K, committed 58048K, reserved 1105920K
  class space    used 5648K, committed 6144K, reserved 1048576K
}
Event: 552.179 GC heap after
{Heap after GC invocations=358 (full 231):
 PSYoungGen      total 39936K, used 28671K [0x00000000f5580000, 0x00000000f9100000, 0x0000000100000000)
  eden space 28672K, 99% used [0x00000000f5580000,0x00000000f717ffc8,0x00000000f7180000)
  from space 11264K, 0% used [0x00000000f7180000,0x00000000f7180000,0x00000000f7c80000)
  to   space 13824K, 0% used [0x00000000f8380000,0x00000000f8380000,0x00000000f9100000)
 ParOldGen       total 349696K, used 349693K [0x00000000e0000000, 0x00000000f5580000, 0x00000000f5580000)
  object space 349696K, 99% used [0x00000000e0000000,0x00000000f557f488,0x00000000f5580000)
 Metaspace       used 56836K, committed 58048K, reserved 1105920K
  class space    used 5648K, committed 6144K, reserved 1048576K
}
Event: 552.180 GC heap before
{Heap before GC invocations=359 (full 232):
 PSYoungGen      total 39936K, used 28672K [0x00000000f5580000, 0x00000000f9100000, 0x0000000100000000)
  eden space 28672K, 100% used [0x00000000f5580000,0x00000000f7180000,0x00000000f7180000)
  from space 11264K, 0% used [0x00000000f7180000,0x00000000f7180000,0x00000000f7c80000)
  to   space 13824K, 0% used [0x00000000f8380000,0x00000000f8380000,0x00000000f9100000)
 ParOldGen       total 349696K, used 349693K [0x00000000e0000000, 0x00000000f5580000, 0x00000000f5580000)
  object space 349696K, 99% used [0x00000000e0000000,0x00000000f557f5b0,0x00000000f5580000)
 Metaspace       used 56836K, committed 58048K, reserved 1105920K
  class space    used 5648K, committed 6144K, reserved 1048576K
}
Event: 553.974 GC heap after
{Heap after GC invocations=359 (full 232):
 PSYoungGen      total 42496K, used 28672K [0x00000000f5580000, 0x00000000f9100000, 0x0000000100000000)
  eden space 28672K, 100% used [0x00000000f5580000,0x00000000f7180000,0x00000000f7180000)
  from space 13824K, 0% used [0x00000000f8380000,0x00000000f8380000,0x00000000f9100000)
  to   space 11264K, 0% used [0x00000000f7180000,0x00000000f7180000,0x00000000f7c80000)
 ParOldGen       total 349696K, used 349693K [0x00000000e0000000, 0x00000000f5580000, 0x00000000f5580000)
  object space 349696K, 99% used [0x00000000e0000000,0x00000000f557f578,0x00000000f5580000)
 Metaspace       used 56836K, committed 58048K, reserved 1105920K
  class space    used 5648K, committed 6144K, reserved 1048576K
}
Event: 553.974 GC heap before
{Heap before GC invocations=360 (full 233):
 PSYoungGen      total 42496K, used 28672K [0x00000000f5580000, 0x00000000f9100000, 0x0000000100000000)
  eden space 28672K, 100% used [0x00000000f5580000,0x00000000f7180000,0x00000000f7180000)
  from space 13824K, 0% used [0x00000000f8380000,0x00000000f8380000,0x00000000f9100000)
  to   space 11264K, 0% used [0x00000000f7180000,0x00000000f7180000,0x00000000f7c80000)
 ParOldGen       total 349696K, used 349693K [0x00000000e0000000, 0x00000000f5580000, 0x00000000f5580000)
  object space 349696K, 99% used [0x00000000e0000000,0x00000000f557f578,0x00000000f5580000)
 Metaspace       used 56836K, committed 58048K, reserved 1105920K
  class space    used 5648K, committed 6144K, reserved 1048576K
}
Event: 555.869 GC heap after
{Heap after GC invocations=360 (full 233):
 PSYoungGen      total 39936K, used 28672K [0x00000000f5580000, 0x00000000f9100000, 0x0000000100000000)
  eden space 28672K, 100% used [0x00000000f5580000,0x00000000f7180000,0x00000000f7180000)
  from space 11264K, 0% used [0x00000000f7180000,0x00000000f7180000,0x00000000f7c80000)
  to   space 13824K, 0% used [0x00000000f8380000,0x00000000f8380000,0x00000000f9100000)
 ParOldGen       total 349696K, used 349693K [0x00000000e0000000, 0x00000000f5580000, 0x00000000f5580000)
  object space 349696K, 99% used [0x00000000e0000000,0x00000000f557f578,0x00000000f5580000)
 Metaspace       used 56836K, committed 58048K, reserved 1105920K
  class space    used 5648K, committed 6144K, reserved 1048576K
}
Event: 555.869 GC heap before
{Heap before GC invocations=361 (full 234):
 PSYoungGen      total 39936K, used 28672K [0x00000000f5580000, 0x00000000f9100000, 0x0000000100000000)
  eden space 28672K, 100% used [0x00000000f5580000,0x00000000f7180000,0x00000000f7180000)
  from space 11264K, 0% used [0x00000000f7180000,0x00000000f7180000,0x00000000f7c80000)
  to   space 13824K, 0% used [0x00000000f8380000,0x00000000f8380000,0x00000000f9100000)
 ParOldGen       total 349696K, used 349694K [0x00000000e0000000, 0x00000000f5580000, 0x00000000f5580000)
  object space 349696K, 99% used [0x00000000e0000000,0x00000000f557f810,0x00000000f5580000)
 Metaspace       used 56836K, committed 58048K, reserved 1105920K
  class space    used 5648K, committed 6144K, reserved 1048576K
}
Event: 557.588 GC heap after
{Heap after GC invocations=361 (full 234):
 PSYoungGen      total 42496K, used 28671K [0x00000000f5580000, 0x00000000f9100000, 0x0000000100000000)
  eden space 28672K, 99% used [0x00000000f5580000,0x00000000f717ff98,0x00000000f7180000)
  from space 13824K, 0% used [0x00000000f8380000,0x00000000f8380000,0x00000000f9100000)
  to   space 11264K, 0% used [0x00000000f7180000,0x00000000f7180000,0x00000000f7c80000)
 ParOldGen       total 349696K, used 349693K [0x00000000e0000000, 0x00000000f5580000, 0x00000000f5580000)
  object space 349696K, 99% used [0x00000000e0000000,0x00000000f557f6f0,0x00000000f5580000)
 Metaspace       used 56836K, committed 58048K, reserved 1105920K
  class space    used 5648K, committed 6144K, reserved 1048576K
}
Event: 557.588 GC heap before
{Heap before GC invocations=362 (full 235):
 PSYoungGen      total 42496K, used 28671K [0x00000000f5580000, 0x00000000f9100000, 0x0000000100000000)
  eden space 28672K, 99% used [0x00000000f5580000,0x00000000f717ff98,0x00000000f7180000)
  from space 13824K, 0% used [0x00000000f8380000,0x00000000f8380000,0x00000000f9100000)
  to   space 11264K, 0% used [0x00000000f7180000,0x00000000f7180000,0x00000000f7c80000)
 ParOldGen       total 349696K, used 349693K [0x00000000e0000000, 0x00000000f5580000, 0x00000000f5580000)
  object space 349696K, 99% used [0x00000000e0000000,0x00000000f557f6f0,0x00000000f5580000)
 Metaspace       used 56836K, committed 58048K, reserved 1105920K
  class space    used 5648K, committed 6144K, reserved 1048576K
}
Event: 559.377 GC heap after
{Heap after GC invocations=362 (full 235):
 PSYoungGen      total 39936K, used 28671K [0x00000000f5580000, 0x00000000f9100000, 0x0000000100000000)
  eden space 28672K, 99% used [0x00000000f5580000,0x00000000f717ff98,0x00000000f7180000)
  from space 11264K, 0% used [0x00000000f7180000,0x00000000f7180000,0x00000000f7c80000)
  to   space 13824K, 0% used [0x00000000f8380000,0x00000000f8380000,0x00000000f9100000)
 ParOldGen       total 349696K, used 349693K [0x00000000e0000000, 0x00000000f5580000, 0x00000000f5580000)
  object space 349696K, 99% used [0x00000000e0000000,0x00000000f557f6f0,0x00000000f5580000)
 Metaspace       used 56836K, committed 58048K, reserved 1105920K
  class space    used 5648K, committed 6144K, reserved 1048576K
}
Event: 559.386 GC heap before
{Heap before GC invocations=363 (full 236):
 PSYoungGen      total 39936K, used 28671K [0x00000000f5580000, 0x00000000f9100000, 0x0000000100000000)
  eden space 28672K, 99% used [0x00000000f5580000,0x00000000f717fff8,0x00000000f7180000)
  from space 11264K, 0% used [0x00000000f7180000,0x00000000f7180000,0x00000000f7c80000)
  to   space 13824K, 0% used [0x00000000f8380000,0x00000000f8380000,0x00000000f9100000)
 ParOldGen       total 349696K, used 349693K [0x00000000e0000000, 0x00000000f5580000, 0x00000000f5580000)
  object space 349696K, 99% used [0x00000000e0000000,0x00000000f557f770,0x00000000f5580000)
 Metaspace       used 56836K, committed 58048K, reserved 1105920K
  class space    used 5648K, committed 6144K, reserved 1048576K
}
Event: 561.170 GC heap after
{Heap after GC invocations=363 (full 236):
 PSYoungGen      total 42496K, used 28671K [0x00000000f5580000, 0x00000000f9100000, 0x0000000100000000)
  eden space 28672K, 99% used [0x00000000f5580000,0x00000000f717ffb8,0x00000000f7180000)
  from space 13824K, 0% used [0x00000000f8380000,0x00000000f8380000,0x00000000f9100000)
  to   space 11264K, 0% used [0x00000000f7180000,0x00000000f7180000,0x00000000f7c80000)
 ParOldGen       total 349696K, used 349693K [0x00000000e0000000, 0x00000000f5580000, 0x00000000f5580000)
  object space 349696K, 99% used [0x00000000e0000000,0x00000000f557f6f0,0x00000000f5580000)
 Metaspace       used 56836K, committed 58048K, reserved 1105920K
  class space    used 5648K, committed 6144K, reserved 1048576K
}
Event: 561.170 GC heap before
{Heap before GC invocations=364 (full 237):
 PSYoungGen      total 42496K, used 28671K [0x00000000f5580000, 0x00000000f9100000, 0x0000000100000000)
  eden space 28672K, 99% used [0x00000000f5580000,0x00000000f717ffb8,0x00000000f7180000)
  from space 13824K, 0% used [0x00000000f8380000,0x00000000f8380000,0x00000000f9100000)
  to   space 11264K, 0% used [0x00000000f7180000,0x00000000f7180000,0x00000000f7c80000)
 ParOldGen       total 349696K, used 349693K [0x00000000e0000000, 0x00000000f5580000, 0x00000000f5580000)
  object space 349696K, 99% used [0x00000000e0000000,0x00000000f557f6f0,0x00000000f5580000)
 Metaspace       used 56836K, committed 58048K, reserved 1105920K
  class space    used 5648K, committed 6144K, reserved 1048576K
}
Event: 562.974 GC heap after
{Heap after GC invocations=364 (full 237):
 PSYoungGen      total 39936K, used 28671K [0x00000000f5580000, 0x00000000f9100000, 0x0000000100000000)
  eden space 28672K, 99% used [0x00000000f5580000,0x00000000f717ffb8,0x00000000f7180000)
  from space 11264K, 0% used [0x00000000f7180000,0x00000000f7180000,0x00000000f7c80000)
  to   space 13824K, 0% used [0x00000000f8380000,0x00000000f8380000,0x00000000f9100000)
 ParOldGen       total 349696K, used 349693K [0x00000000e0000000, 0x00000000f5580000, 0x00000000f5580000)
  object space 349696K, 99% used [0x00000000e0000000,0x00000000f557f6f0,0x00000000f5580000)
 Metaspace       used 56836K, committed 58048K, reserved 1105920K
  class space    used 5648K, committed 6144K, reserved 1048576K
}

Dll operation events (9 events):
Event: 0.052 Loaded shared library /nix/store/gpxl5qgg8kicmcvivwmybwjlpf7wh20l-graalvm17-ce-22.3.0/lib/libjava.so
Event: 0.069 Loaded shared library /nix/store/gpxl5qgg8kicmcvivwmybwjlpf7wh20l-graalvm17-ce-22.3.0/lib/libjsvml.so
Event: 0.471 Loaded shared library /nix/store/gpxl5qgg8kicmcvivwmybwjlpf7wh20l-graalvm17-ce-22.3.0/lib/libnio.so
Event: 0.478 Loaded shared library /nix/store/gpxl5qgg8kicmcvivwmybwjlpf7wh20l-graalvm17-ce-22.3.0/lib/libjvmcicompiler.so
Event: 0.480 Loaded shared library /nix/store/gpxl5qgg8kicmcvivwmybwjlpf7wh20l-graalvm17-ce-22.3.0/lib/libzip.so
Event: 1.071 Loaded shared library /nix/store/gpxl5qgg8kicmcvivwmybwjlpf7wh20l-graalvm17-ce-22.3.0/lib/libjimage.so
Event: 3.483 Loaded shared library /nix/store/gpxl5qgg8kicmcvivwmybwjlpf7wh20l-graalvm17-ce-22.3.0/lib/libnet.so
Event: 5.562 Loaded shared library /home/runner/DearWeakNetwork/.cache/jdt-language-server/config/org.eclipse.equinox.launcher/org.eclipse.equinox.launcher.gtk.linux.x86_64_1.2.400.v20211117-0650/eclipse_11600.so
Event: 16.262 Loaded shared library /nix/store/gpxl5qgg8kicmcvivwmybwjlpf7wh20l-graalvm17-ce-22.3.0/lib/libextnet.so

Deoptimization events (20 events):
Event: 109.464 Thread 0x00007b4e1868bd10 DEOPT PACKING pc=0x00007b4e6c2309dd sp=0x00007b4e2fdfe530
Event: 109.464 Thread 0x00007b4e1868bd10 DEOPT UNPACKING pc=0x00007b4e6b505325 sp=0x00007b4e2fdfda20 mode 0
Event: 392.044 Thread 0x00007b4e843f9dc0 DEOPT PACKING pc=0x00007b4e730a5650 sp=0x00007b4e305fe230
Event: 392.044 Thread 0x00007b4e843f9dc0 DEOPT UNPACKING pc=0x00007b4e6b505325 sp=0x00007b4e305fd6c0 mode 1
Event: 531.360 Thread 0x00007b4e18503b50 Uncommon trap: trap_request=0xffffff8f fr.pc=0x00007b4e72f8fc6e relative=0x00000000000000ce
Event: 531.360 Thread 0x00007b4e18503b50 Uncommon trap: reason=constraint action=none pc=0x00007b4e72f8fc6e method=java.util.HashMap.newNode(ILjava/lang/Object;Ljava/lang/Object;Ljava/util/HashMap$Node;)Ljava/util/HashMap$Node; @ 0 jvmci
Event: 531.360 Thread 0x00007b4e18503b50 DEOPT PACKING pc=0x00007b4e72f8fc6e sp=0x00007b4e301fdf90
Event: 531.360 Thread 0x00007b4e18503b50 DEOPT UNPACKING pc=0x00007b4e6b505325 sp=0x00007b4e301fd410 mode 3
Event: 544.676 Thread 0x00007b4e1868bd10 Uncommon trap: trap_request=0xffffff8f fr.pc=0x00007b4e7314213b relative=0x00000000000011fb
Event: 544.676 Thread 0x00007b4e1868bd10 Uncommon trap: reason=constraint action=none pc=0x00007b4e7314213b method=org.eclipse.jdt.internal.core.index.DiskIndex.copyQueryResults(Lorg/eclipse/jdt/internal/compiler/util/HashtableOfObject;I)V @ 123 jvmci
Event: 544.676 Thread 0x00007b4e1868bd10 DEOPT PACKING pc=0x00007b4e7314213b sp=0x00007b4e2fdfe530
Event: 544.676 Thread 0x00007b4e1868bd10 DEOPT UNPACKING pc=0x00007b4e6b505325 sp=0x00007b4e2fdfda28 mode 3
Event: 548.362 Thread 0x00007b4e843f9dc0 DEOPT PACKING pc=0x00007b4e7303caa0 sp=0x00007b4e305fe0e0
Event: 548.362 Thread 0x00007b4e843f9dc0 DEOPT UNPACKING pc=0x00007b4e6b505325 sp=0x00007b4e305fd3e8 mode 1
Event: 555.869 Thread 0x00007b4e18503b50 Uncommon trap: trap_request=0xffffff8f fr.pc=0x00007b4e72fbb0d2 relative=0x0000000000000672
Event: 555.869 Thread 0x00007b4e18503b50 Uncommon trap: reason=constraint action=none pc=0x00007b4e72fbb0d2 method=java.util.HashMap.resize()[Ljava/util/HashMap$Node; @ 131 jvmci
Event: 555.869 Thread 0x00007b4e18503b50 DEOPT PACKING pc=0x00007b4e72fbb0d2 sp=0x00007b4e301fdf70
Event: 555.869 Thread 0x00007b4e18503b50 DEOPT UNPACKING pc=0x00007b4e6b505325 sp=0x00007b4e301fd3c8 mode 3
Event: 559.386 Thread 0x00007b4e18503b50 DEOPT PACKING pc=0x00007b4e72fb00c4 sp=0x00007b4e301fe060
Event: 559.386 Thread 0x00007b4e18503b50 DEOPT UNPACKING pc=0x00007b4e6b505325 sp=0x00007b4e301fd530 mode 1

Classes unloaded (20 events):
Event: 196.556 Thread 0x00007b4e840a13c0 Unloading class 0x00000008010f4400 'jdk/internal/reflect/GeneratedMethodAccessor12'
Event: 196.556 Thread 0x00007b4e840a13c0 Unloading class 0x00000008010f4000 'jdk/internal/reflect/GeneratedMethodAccessor11'
Event: 196.556 Thread 0x00007b4e840a13c0 Unloading class 0x00000008010f3c00 'jdk/internal/reflect/GeneratedSerializationConstructorAccessor11'
Event: 196.556 Thread 0x00007b4e840a13c0 Unloading class 0x00000008010f3800 'jdk/internal/reflect/GeneratedSerializationConstructorAccessor10'
Event: 196.556 Thread 0x00007b4e840a13c0 Unloading class 0x00000008010f3400 'jdk/internal/reflect/GeneratedSerializationConstructorAccessor9'
Event: 196.556 Thread 0x00007b4e840a13c0 Unloading class 0x00000008010f3000 'jdk/internal/reflect/GeneratedSerializationConstructorAccessor8'
Event: 196.556 Thread 0x00007b4e840a13c0 Unloading class 0x00000008010d4c00 'jdk/internal/reflect/GeneratedMethodAccessor10'
Event: 196.556 Thread 0x00007b4e840a13c0 Unloading class 0x00000008010d4800 'jdk/internal/reflect/GeneratedMethodAccessor9'
Event: 196.556 Thread 0x00007b4e840a13c0 Unloading class 0x00000008010d4400 'jdk/internal/reflect/GeneratedMethodAccessor8'
Event: 196.556 Thread 0x00007b4e840a13c0 Unloading class 0x00000008010d4000 'jdk/internal/reflect/GeneratedMethodAccessor7'
Event: 196.556 Thread 0x00007b4e840a13c0 Unloading class 0x00000008010ab000 'jdk/internal/reflect/GeneratedConstructorAccessor29'
Event: 196.556 Thread 0x00007b4e840a13c0 Unloading class 0x0000000801072400 'jdk/internal/reflect/GeneratedSerializationConstructorAccessor2'
Event: 196.556 Thread 0x00007b4e840a13c0 Unloading class 0x0000000801072000 'jdk/internal/reflect/GeneratedSerializationConstructorAccessor1'
Event: 196.556 Thread 0x00007b4e840a13c0 Unloading class 0x000000080102e000 'java/lang/invoke/LambdaForm$MH+0x000000080102e000'
Event: 196.556 Thread 0x00007b4e840a13c0 Unloading class 0x000000080102ac00 'java/lang/invoke/LambdaForm$MH+0x000000080102ac00'
Event: 196.556 Thread 0x00007b4e840a13c0 Unloading class 0x000000080102a800 'java/lang/invoke/LambdaForm$MH+0x000000080102a800'
Event: 196.556 Thread 0x00007b4e840a13c0 Unloading class 0x000000080102a000 'java/lang/invoke/LambdaForm$MH+0x000000080102a000'
Event: 196.556 Thread 0x00007b4e840a13c0 Unloading class 0x0000000801029c00 'java/lang/invoke/LambdaForm$MH+0x0000000801029c00'
Event: 196.556 Thread 0x00007b4e840a13c0 Unloading class 0x0000000801029800 'java/lang/invoke/LambdaForm$MH+0x0000000801029800'
Event: 196.556 Thread 0x00007b4e840a13c0 Unloading class 0x0000000800d88400 'java/lang/invoke/LambdaForm$MH+0x0000000800d88400'

Classes redefined (0 events):
No events

Internal exceptions (20 events):
Event: 66.043 Thread 0x00007b4e100f2680 Exception <a 'java/lang/ArrayIndexOutOfBoundsException'{0x00000000f6055600}: Index 1 out of bounds for length 1> (0x00000000f6055600) 
thrown [src/hotspot/share/interpreter/interpreterRuntime.cpp, line 428]
Event: 66.043 Thread 0x00007b4e100f2680 Exception <a 'java/lang/ArrayIndexOutOfBoundsException'{0x00000000f6055920}: Index 1 out of bounds for length 1> (0x00000000f6055920) 
thrown [src/hotspot/share/interpreter/interpreterRuntime.cpp, line 428]
Event: 66.045 Thread 0x00007b4e100f2680 Exception <a 'java/lang/ArrayIndexOutOfBoundsException'{0x00000000f6069ca0}: Index 1 out of bounds for length 1> (0x00000000f6069ca0) 
thrown [src/hotspot/share/interpreter/interpreterRuntime.cpp, line 428]
Event: 97.264 Thread 0x00007b4e843f9dc0 Exception <a 'java/lang/ClassNotFoundException'{0x00000000f6134190}: sun/util/logging/resources/spi/loggingProvider> (0x00000000f6134190) 
thrown [src/hotspot/share/classfile/systemDictionary.cpp, line 256]
Event: 97.360 Thread 0x00007b4e10085320 Exception <a 'java/lang/ArrayIndexOutOfBoundsException'{0x00000000f618fe78}: Index 13 out of bounds for length 13> (0x00000000f618fe78) 
thrown [src/hotspot/share/interpreter/interpreterRuntime.cpp, line 428]
Event: 97.361 Thread 0x00007b4e10085320 Exception <a 'java/lang/ArrayIndexOutOfBoundsException'{0x00000000f61937e8}: Index 13 out of bounds for length 13> (0x00000000f61937e8) 
thrown [src/hotspot/share/interpreter/interpreterRuntime.cpp, line 428]
Event: 97.564 Thread 0x00007b4e080010d0 Exception <a 'sun/nio/fs/UnixException'{0x00000000f62b6280}> (0x00000000f62b6280) 
thrown [src/hotspot/share/prims/jni.cpp, line 516]
Event: 98.352 Thread 0x00007b4df0000ff0 Exception <a 'sun/nio/fs/UnixException'{0x00000000f6791be0}> (0x00000000f6791be0) 
thrown [src/hotspot/share/prims/jni.cpp, line 516]
Event: 392.044 Thread 0x00007b4e843f9dc0 Exception <a 'java/lang/OutOfMemoryError'{0x00000000e00bcc20}> (0x00000000e00bcc20) 
thrown [src/hotspot/share/gc/shared/memAllocator.cpp, line 136]
Event: 527.242 Thread 0x00007b4e18503b50 Exception <a 'java/lang/OutOfMemoryError'{0x00000000e00bd1c0}> (0x00000000e00bd1c0) 
thrown [src/hotspot/share/gc/shared/memAllocator.cpp, line 138]
Event: 531.360 Thread 0x00007b4e18503b50 Implicit null exception at 0x00007b4e72f8fc4f to 0x00007b4e72f8fc53
Event: 531.360 Thread 0x00007b4e843649d0 Exception <a 'java/lang/OutOfMemoryError'{0x00000000e00bd4e0}> (0x00000000e00bd4e0) 
thrown [src/hotspot/share/gc/shared/memAllocator.cpp, line 136]
Event: 541.055 Thread 0x00007b4e843649d0 Exception <a 'java/lang/OutOfMemoryError'{0x00000000e00bd210}> (0x00000000e00bd210) 
thrown [src/hotspot/share/gc/shared/memAllocator.cpp, line 136]
Event: 544.676 Thread 0x00007b4e1868bd10 Exception <a 'java/lang/OutOfMemoryError'{0x00000000e00bcef0}> (0x00000000e00bcef0) 
thrown [src/hotspot/share/gc/shared/memAllocator.cpp, line 138]
Event: 544.676 Thread 0x00007b4e1868bd10 Implicit null exception at 0x00007b4e73141bae to 0x00007b4e73142120
Event: 548.362 Thread 0x00007b4e843f9dc0 Exception <a 'java/lang/OutOfMemoryError'{0x00000000e00bd210}> (0x00000000e00bd210) 
thrown [src/hotspot/share/gc/shared/memAllocator.cpp, line 136]
Event: 555.869 Thread 0x00007b4e18503b50 Exception <a 'java/lang/OutOfMemoryError'{0x00000000e00bcc20}> (0x00000000e00bcc20) 
thrown [src/hotspot/share/gc/shared/memAllocator.cpp, line 138]
Event: 555.869 Thread 0x00007b4e18503b50 Implicit null exception at 0x00007b4e72fbaf7d to 0x00007b4e72fbb0b7
Event: 559.386 Thread 0x00007b4e18503b50 Exception <a 'java/lang/OutOfMemoryError'{0x00000000e00bcf40}> (0x00000000e00bcf40) 
thrown [src/hotspot/share/gc/shared/memAllocator.cpp, line 136]
Event: 562.974 Thread 0x00007b4e840b1990 Exception <a 'java/lang/OutOfMemoryError'{0x00000000e00bcf40}> (0x00000000e00bcf40) 
thrown [src/hotspot/share/gc/shared/memAllocator.cpp, line 136]

VM Operations (20 events):
Event: 533.582 Executing VM operation: ParallelGCFailedAllocation
Event: 535.487 Executing VM operation: ParallelGCFailedAllocation done
Event: 535.487 Executing VM operation: ParallelGCFailedAllocation
Event: 537.269 Executing VM operation: ParallelGCFailedAllocation done
Event: 537.269 Executing VM operation: ParallelGCFailedAllocation
Event: 541.055 Executing VM operation: ParallelGCFailedAllocation done
Event: 541.055 Executing VM operation: ParallelGCFailedAllocation
Event: 544.676 Executing VM operation: ParallelGCFailedAllocation done
Event: 544.676 Executing VM operation: ParallelGCFailedAllocation
Event: 548.360 Executing VM operation: ParallelGCFailedAllocation done
Event: 548.362 Executing VM operation: ParallelGCFailedAllocation
Event: 550.298 Executing VM operation: ParallelGCFailedAllocation done
Event: 550.298 Executing VM operation: ParallelGCFailedAllocation
Event: 552.179 Executing VM operation: ParallelGCFailedAllocation done
Event: 552.180 Executing VM operation: ParallelGCFailedAllocation
Event: 555.869 Executing VM operation: ParallelGCFailedAllocation done
Event: 555.869 Executing VM operation: ParallelGCFailedAllocation
Event: 559.377 Executing VM operation: ParallelGCFailedAllocation done
Event: 559.386 Executing VM operation: ParallelGCFailedAllocation
Event: 562.974 Executing VM operation: ParallelGCFailedAllocation done

Events (20 events):
Event: 103.156 Thread 0x00007b4e840b42f0 flushing nmethod 0x00007b4e6c869110
Event: 103.156 Thread 0x00007b4e840b42f0 flushing nmethod 0x00007b4e6c86b790
Event: 103.156 Thread 0x00007b4e840b42f0 flushing nmethod 0x00007b4e6c897290
Event: 103.156 Thread 0x00007b4e840b42f0 flushing nmethod 0x00007b4e6c8a2d90
Event: 103.156 Thread 0x00007b4e840b42f0 flushing nmethod 0x00007b4e6c8a5e10
Event: 103.156 Thread 0x00007b4e840b42f0 flushing nmethod 0x00007b4e6c8a6190
Event: 103.157 Thread 0x00007b4e840b42f0 flushing nmethod 0x00007b4e6c8aaf10
Event: 103.157 Thread 0x00007b4e840b42f0 flushing nmethod 0x00007b4e6c8abc90
Event: 103.157 Thread 0x00007b4e840b42f0 flushing nmethod 0x00007b4e6c8acd90
Event: 103.157 Thread 0x00007b4e840b42f0 flushing nmethod 0x00007b4e6c8aef90
Event: 103.157 Thread 0x00007b4e840b42f0 flushing nmethod 0x00007b4e6c8b1f10
Event: 103.157 Thread 0x00007b4e840b42f0 flushing nmethod 0x00007b4e6c8f0190
Event: 103.157 Thread 0x00007b4e840b42f0 flushing nmethod 0x00007b4e6c8f3690
Event: 103.157 Thread 0x00007b4e840b42f0 flushing nmethod 0x00007b4e6c8f3b10
Event: 103.157 Thread 0x00007b4e840b42f0 flushing nmethod 0x00007b4e6c934c90
Event: 162.391 Thread 0x00007b4e08007270 Thread exited: 0x00007b4e08007270
Event: 162.392 Thread 0x00007b4e080010d0 Thread exited: 0x00007b4e080010d0
Event: 226.262 Thread 0x00007b4df0000ff0 Thread exited: 0x00007b4df0000ff0
Event: 327.553 Thread 0x00007b4e08007270 Thread added: 0x00007b4e08007270
Event: 327.553 Protecting memory [0x00007b4e2f300000,0x00007b4e2f304000] with protection modes 0


Dynamic libraries:
e0000000-f5380000 rw-p 00000000 00:00 0 
f5380000-f9100000 rw-p 00000000 00:00 0 
f9100000-100000000 ---p 00000000 00:00 0 
800000000-800449000 rw-p 00001000 08:10 707969865                        /nix/store/gpxl5qgg8kicmcvivwmybwjlpf7wh20l-graalvm17-ce-22.3.0/lib/server/classes.jsa
800449000-800bc8000 r--p 0044a000 08:10 707969865                        /nix/store/gpxl5qgg8kicmcvivwmybwjlpf7wh20l-graalvm17-ce-22.3.0/lib/server/classes.jsa
800bc8000-800c00000 ---p 00000000 00:00 0 
800c00000-800c10000 rw-p 00000000 00:00 0 
800c10000-800c30000 rw-p 00000000 00:00 0 
800c30000-800cb0000 rw-p 00000000 00:00 0 
800cb0000-800cf0000 rw-p 00000000 00:00 0 
800cf0000-800db0000 rw-p 00000000 00:00 0 
800db0000-800df0000 rw-p 00000000 00:00 0 
800df0000-800f30000 rw-p 00000000 00:00 0 
800f30000-800f70000 rw-p 00000000 00:00 0 
800f70000-800ff0000 rw-p 00000000 00:00 0 
800ff0000-8011d0000 rw-p 00000000 00:00 0 
8011d0000-8011f0000 rw-p 00000000 00:00 0 
8011f0000-801200000 ---p 00000000 00:00 0 
801200000-801210000 rw-p 00000000 00:00 0 
801210000-840c00000 ---p 00000000 00:00 0 
5a4003cd9000-5a4003cda000 r-xp 00000000 08:10 672029940                  /nix/store/gpxl5qgg8kicmcvivwmybwjlpf7wh20l-graalvm17-ce-22.3.0/bin/.java-wrapped
5a4003cdb000-5a4003cdc000 r--p 00001000 08:10 672029940                  /nix/store/gpxl5qgg8kicmcvivwmybwjlpf7wh20l-graalvm17-ce-22.3.0/bin/.java-wrapped
5a4003cdc000-5a4003cdd000 rw-p 00002000 08:10 672029940                  /nix/store/gpxl5qgg8kicmcvivwmybwjlpf7wh20l-graalvm17-ce-22.3.0/bin/.java-wrapped
5a4003cdd000-5a4003cde000 rw-p 00004000 08:10 672029940                  /nix/store/gpxl5qgg8kicmcvivwmybwjlpf7wh20l-graalvm17-ce-22.3.0/bin/.java-wrapped
5a4003cde000-5a4003cdf000 rw-p 00005000 08:10 672029940                  /nix/store/gpxl5qgg8kicmcvivwmybwjlpf7wh20l-graalvm17-ce-22.3.0/bin/.java-wrapped
5a40044d7000-5a400451f000 rw-p 00000000 00:00 0                          [heap]
7b4d98000000-7b4d98021000 rw-p 00000000 00:00 0 
7b4d98021000-7b4d9c000000 ---p 00000000 00:00 0 
7b4d9c000000-7b4d9c021000 rw-p 00000000 00:00 0 
7b4d9c021000-7b4da0000000 ---p 00000000 00:00 0 
7b4da0000000-7b4da0021000 rw-p 00000000 00:00 0 
7b4da0021000-7b4da4000000 ---p 00000000 00:00 0 
7b4da4000000-7b4da4021000 rw-p 00000000 00:00 0 
7b4da4021000-7b4da8000000 ---p 00000000 00:00 0 
7b4da8000000-7b4da8021000 rw-p 00000000 00:00 0 
7b4da8021000-7b4dac000000 ---p 00000000 00:00 0 
7b4dac000000-7b4dac021000 rw-p 00000000 00:00 0 
7b4dac021000-7b4db0000000 ---p 00000000 00:00 0 
7b4db0000000-7b4db0021000 rw-p 00000000 00:00 0 
7b4db0021000-7b4db4000000 ---p 00000000 00:00 0 
7b4db4000000-7b4db4021000 rw-p 00000000 00:00 0 
7b4db4021000-7b4db8000000 ---p 00000000 00:00 0 
7b4db8000000-7b4db8021000 rw-p 00000000 00:00 0 
7b4db8021000-7b4dbc000000 ---p 00000000 00:00 0 
7b4dbc000000-7b4dbc028000 rw-p 00000000 00:00 0 
7b4dbc028000-7b4dc0000000 ---p 00000000 00:00 0 
7b4dc0000000-7b4dc0021000 rw-p 00000000 00:00 0 
7b4dc0021000-7b4dc4000000 ---p 00000000 00:00 0 
7b4dc4000000-7b4dc4021000 rw-p 00000000 00:00 0 
7b4dc4021000-7b4dc8000000 ---p 00000000 00:00 0 
7b4dc8000000-7b4dc8021000 rw-p 00000000 00:00 0 
7b4dc8021000-7b4dcc000000 ---p 00000000 00:00 0 
7b4dcc000000-7b4dcc021000 rw-p 00000000 00:00 0 
7b4dcc021000-7b4dd0000000 ---p 00000000 00:00 0 
7b4dd0000000-7b4dd0021000 rw-p 00000000 00:00 0 
7b4dd0021000-7b4dd4000000 ---p 00000000 00:00 0 
7b4dd64b3000-7b4de0000000 r--s 00000000 08:10 707804677                  /nix/store/gpxl5qgg8kicmcvivwmybwjlpf7wh20l-graalvm17-ce-22.3.0/lib/modules
7b4de0000000-7b4de006e000 rw-p 00000000 00:00 0 
7b4de006e000-7b4de4000000 ---p 00000000 00:00 0 
7b4de4000000-7b4de4045000 rw-p 00000000 00:00 0 
7b4de4045000-7b4de8000000 ---p 00000000 00:00 0 
7b4de8000000-7b4de81b3000 rw-p 00000000 00:00 0 
7b4de81b3000-7b4dec000000 ---p 00000000 00:00 0 
7b4dec000000-7b4dec270000 rw-p 00000000 00:00 0 
7b4dec270000-7b4dec330000 rw-p 00000000 00:00 0 
7b4dec330000-7b4dec800000 ---p 00000000 00:00 0 
7b4dec800000-7b4dec9d0000 rw-p 00000000 00:00 0 
7b4dec9d0000-7b4dec9f0000 rw-p 00000000 00:00 0 
7b4dec9f0000-7b4deccf0000 rw-p 00000000 00:00 0 
7b4deccf0000-7b4decd80000 rw-p 00000000 00:00 0 
7b4decd80000-7b4dece00000 ---p 00000000 00:00 0 
7b4dece00000-7b4decff0000 rw-p 00000000 00:00 0 
7b4decff0000-7b4ded000000 rw-p 00000000 00:00 0 
7b4dede00000-7b4dedf00000 ---p 00000000 00:00 0 
7b4dedf00000-7b4dee4af000 r--p 01122000 08:10 707802136                  /nix/store/gpxl5qgg8kicmcvivwmybwjlpf7wh20l-graalvm17-ce-22.3.0/lib/libjvmcicompiler.so
7b4dee4af000-7b4dee600000 r--p 00000000 00:00 0 
7b4dee600000-7b4dee63d000 rw-p 00000000 00:00 0 
7b4dee63d000-7b4deeb5d000 rw-p 0185f000 08:10 707802136                  /nix/store/gpxl5qgg8kicmcvivwmybwjlpf7wh20l-graalvm17-ce-22.3.0/lib/libjvmcicompiler.so
7b4deeb5d000-7b4deef44000 r--p 01d7f000 08:10 707802136                  /nix/store/gpxl5qgg8kicmcvivwmybwjlpf7wh20l-graalvm17-ce-22.3.0/lib/libjvmcicompiler.so
7b4def000000-7b4def2f0000 rw-p 00000000 00:00 0 
7b4def2f0000-7b4def3f0000 rw-p 00000000 00:00 0 
7b4def3f0000-7b4def7f0000 rw-p 00000000 00:00 0 
7b4def7f0000-7b4def870000 rw-p 00000000 00:00 0 
7b4def870000-7b4def8f0000 rw-p 00000000 00:00 0 
7b4def8f0000-7b4defaf0000 rw-p 00000000 00:00 0 
7b4defaf0000-7b4defbf0000 rw-p 00000000 00:00 0 
7b4defbf0000-7b4defd70000 rw-p 00000000 00:00 0 
7b4defd70000-7b4defdf0000 rw-p 00000000 00:00 0 
7b4defdf0000-7b4df0000000 rw-p 00000000 00:00 0 
7b4df0000000-7b4df0021000 rw-p 00000000 00:00 0 
7b4df0021000-7b4df4000000 ---p 00000000 00:00 0 
7b4df4000000-7b4df440e000 rw-p 00000000 00:00 0 
7b4df440e000-7b4df8000000 ---p 00000000 00:00 0 
7b4df8000000-7b4df8021000 rw-p 00000000 00:00 0 
7b4df8021000-7b4dfc000000 ---p 00000000 00:00 0 
7b4dfc000000-7b4dfc186000 rw-p 00000000 00:00 0 
7b4dfc186000-7b4e00000000 ---p 00000000 00:00 0 
7b4e00000000-7b4e0007b000 rw-p 00000000 00:00 0 
7b4e0007b000-7b4e04000000 ---p 00000000 00:00 0 
7b4e04000000-7b4e04021000 rw-p 00000000 00:00 0 
7b4e04021000-7b4e08000000 ---p 00000000 00:00 0 
7b4e08000000-7b4e0832b000 rw-p 00000000 00:00 0 
7b4e0832b000-7b4e0c000000 ---p 00000000 00:00 0 
7b4e0c000000-7b4e0c078000 rw-p 00000000 00:00 0 
7b4e0c078000-7b4e10000000 ---p 00000000 00:00 0 
7b4e10000000-7b4e100fe000 rw-p 00000000 00:00 0 
7b4e100fe000-7b4e14000000 ---p 00000000 00:00 0 
7b4e14000000-7b4e14021000 rw-p 00000000 00:00 0 
7b4e14021000-7b4e18000000 ---p 00000000 00:00 0 
7b4e18000000-7b4e188aa000 rw-p 00000000 00:00 0 
7b4e188aa000-7b4e1c000000 ---p 00000000 00:00 0 
7b4e1c000000-7b4e1c021000 rw-p 00000000 00:00 0 
7b4e1c021000-7b4e20000000 ---p 00000000 00:00 0 
7b4e20000000-7b4e20021000 rw-p 00000000 00:00 0 
7b4e20021000-7b4e24000000 ---p 00000000 00:00 0 
7b4e24000000-7b4e24021000 rw-p 00000000 00:00 0 
7b4e24021000-7b4e28000000 ---p 00000000 00:00 0 
7b4e28000000-7b4e28021000 rw-p 00000000 00:00 0 
7b4e28021000-7b4e2c000000 ---p 00000000 00:00 0 
7b4e2c300000-7b4e2c304000 ---p 00000000 00:00 0 
7b4e2c304000-7b4e2c570000 rw-p 00000000 00:00 0 
7b4e2c570000-7b4e2c5f0000 rw-p 00000000 00:00 0 
7b4e2c5f0000-7b4e2c9b0000 rw-p 00000000 00:00 0 
7b4e2c9b0000-7b4e2c9f0000 rw-p 00000000 00:00 0 
7b4e2c9f0000-7b4e2cab0000 rw-p 00000000 00:00 0 
7b4e2cab0000-7b4e2caf0000 rw-p 00000000 00:00 0 
7b4e2caf0000-7b4e2cbf0000 rw-p 00000000 00:00 0 
7b4e2cbf0000-7b4e2ccf0000 rw-p 00000000 00:00 0 
7b4e2ccf0000-7b4e2cdf0000 rw-p 00000000 00:00 0 
7b4e2cdf0000-7b4e2d2f0000 rw-p 00000000 00:00 0 
7b4e2d2f0000-7b4e2d3f0000 rw-p 00000000 00:00 0 
7b4e2d3f0000-7b4e2d400000 rw-p 00000000 00:00 0 
7b4e2d400000-7b4e2d404000 ---p 00000000 00:00 0 
7b4e2d404000-7b4e2d500000 rw-p 00000000 00:00 0 
7b4e2d500000-7b4e2d504000 ---p 00000000 00:00 0 
7b4e2d504000-7b4e2d600000 rw-p 00000000 00:00 0 
7b4e2d600000-7b4e2d610000 r-xp 00000000 00:1257 310                      /home/runner/DearWeakNetwork/.cache/jdt-language-server/config/org.eclipse.equinox.launcher/org.eclipse.equinox.launcher.gtk.linux.x86_64_1.2.400.v20211117-0650/eclipse_11600.so
7b4e2d610000-7b4e2d80f000 ---p 00010000 00:1257 310                      /home/runner/DearWeakNetwork/.cache/jdt-language-server/config/org.eclipse.equinox.launcher/org.eclipse.equinox.launcher.gtk.linux.x86_64_1.2.400.v20211117-0650/eclipse_11600.so
7b4e2d80f000-7b4e2d810000 r--p 0000f000 00:1257 310                      /home/runner/DearWeakNetwork/.cache/jdt-language-server/config/org.eclipse.equinox.launcher/org.eclipse.equinox.launcher.gtk.linux.x86_64_1.2.400.v20211117-0650/eclipse_11600.so
7b4e2d810000-7b4e2d811000 rw-p 00010000 00:1257 310                      /home/runner/DearWeakNetwork/.cache/jdt-language-server/config/org.eclipse.equinox.launcher/org.eclipse.equinox.launcher.gtk.linux.x86_64_1.2.400.v20211117-0650/eclipse_11600.so
7b4e2d900000-7b4e2d904000 ---p 00000000 00:00 0 
7b4e2d904000-7b4e2da00000 rw-p 00000000 00:00 0 
7b4e2db00000-7b4e2db04000 ---p 00000000 00:00 0 
7b4e2db04000-7b4e2dc00000 rw-p 00000000 00:00 0 
7b4e2dd00000-7b4e2dd04000 ---p 00000000 00:00 0 
7b4e2dd04000-7b4e2de00000 rw-p 00000000 00:00 0 
7b4e2df00000-7b4e2df04000 ---p 00000000 00:00 0 
7b4e2df04000-7b4e2e000000 rw-p 00000000 00:00 0 
7b4e2e100000-7b4e2e104000 ---p 00000000 00:00 0 
7b4e2e104000-7b4e2e200000 rw-p 00000000 00:00 0 
7b4e2e200000-7b4e2e204000 ---p 00000000 00:00 0 
7b4e2e204000-7b4e2e300000 rw-p 00000000 00:00 0 
7b4e2e300000-7b4e2e304000 ---p 00000000 00:00 0 
7b4e2e304000-7b4e2e400000 rw-p 00000000 00:00 0 
7b4e2e500000-7b4e2e504000 ---p 00000000 00:00 0 
7b4e2e504000-7b4e2e600000 rw-p 00000000 00:00 0 
7b4e2e700000-7b4e2e704000 ---p 00000000 00:00 0 
7b4e2e704000-7b4e2e800000 rw-p 00000000 00:00 0 
7b4e2e900000-7b4e2e904000 ---p 00000000 00:00 0 
7b4e2e904000-7b4e2ea00000 rw-p 00000000 00:00 0 
7b4e2ea00000-7b4e2ea04000 ---p 00000000 00:00 0 
7b4e2ea04000-7b4e2eb00000 rw-p 00000000 00:00 0 
7b4e2ec00000-7b4e2ec04000 ---p 00000000 00:00 0 
7b4e2ec04000-7b4e2ed00000 rw-p 00000000 00:00 0 
7b4e2ee00000-7b4e2ee04000 ---p 00000000 00:00 0 
7b4e2ee04000-7b4e2ef00000 rw-p 00000000 00:00 0 
7b4e2ef00000-7b4e2ef04000 ---p 00000000 00:00 0 
7b4e2ef04000-7b4e2f000000 rw-p 00000000 00:00 0 
7b4e2f000000-7b4e2f004000 ---p 00000000 00:00 0 
7b4e2f004000-7b4e2f100000 rw-p 00000000 00:00 0 
7b4e2f100000-7b4e2f104000 ---p 00000000 00:00 0 
7b4e2f104000-7b4e2f200000 rw-p 00000000 00:00 0 
7b4e2f200000-7b4e2f204000 ---p 00000000 00:00 0 
7b4e2f204000-7b4e2f300000 rw-p 00000000 00:00 0 
7b4e2f300000-7b4e2f304000 ---p 00000000 00:00 0 
7b4e2f304000-7b4e2f400000 rw-p 00000000 00:00 0 
7b4e2f400000-7b4e2f404000 ---p 00000000 00:00 0 
7b4e2f404000-7b4e2f500000 rw-p 00000000 00:00 0 
7b4e2f500000-7b4e2f504000 ---p 00000000 00:00 0 
7b4e2f504000-7b4e2f600000 rw-p 00000000 00:00 0 
7b4e2f700000-7b4e2f704000 ---p 00000000 00:00 0 
7b4e2f704000-7b4e2f800000 rw-p 00000000 00:00 0 
7b4e2f900000-7b4e2f904000 ---p 00000000 00:00 0 
7b4e2f904000-7b4e2fa00000 rw-p 00000000 00:00 0 
7b4e2fa00000-7b4e2fa04000 ---p 00000000 00:00 0 
7b4e2fa04000-7b4e2fb00000 rw-p 00000000 00:00 0 
7b4e2fb00000-7b4e2fb04000 ---p 00000000 00:00 0 
7b4e2fb04000-7b4e2fc00000 rw-p 00000000 00:00 0 
7b4e2fc00000-7b4e2fc04000 ---p 00000000 00:00 0 
7b4e2fc04000-7b4e2fd00000 rw-p 00000000 00:00 0 
7b4e2fd00000-7b4e2fd04000 ---p 00000000 00:00 0 
7b4e2fd04000-7b4e2fe00000 rw-p 00000000 00:00 0 
7b4e2ff00000-7b4e2ff04000 ---p 00000000 00:00 0 
7b4e2ff04000-7b4e30000000 rw-p 00000000 00:00 0 
7b4e30000000-7b4e30004000 ---p 00000000 00:00 0 
7b4e30004000-7b4e30100000 rw-p 00000000 00:00 0 
7b4e30100000-7b4e30104000 ---p 00000000 00:00 0 
7b4e30104000-7b4e30200000 rw-p 00000000 00:00 0 
7b4e30200000-7b4e30204000 ---p 00000000 00:00 0 
7b4e30204000-7b4e30300000 rw-p 00000000 00:00 0 
7b4e30300000-7b4e30304000 ---p 00000000 00:00 0 
7b4e30304000-7b4e30400000 rw-p 00000000 00:00 0 
7b4e30400000-7b4e30404000 ---p 00000000 00:00 0 
7b4e30404000-7b4e30500000 rw-p 00000000 00:00 0 
7b4e30500000-7b4e30504000 ---p 00000000 00:00 0 
7b4e30504000-7b4e30600000 rw-p 00000000 00:00 0 
7b4e30600000-7b4e30604000 ---p 00000000 00:00 0 
7b4e30604000-7b4e30700000 rw-p 00000000 00:00 0 
7b4e30700000-7b4e30704000 ---p 00000000 00:00 0 
7b4e30704000-7b4e30800000 rw-p 00000000 00:00 0 
7b4e30800000-7b4e30804000 ---p 00000000 00:00 0 
7b4e30804000-7b4e30900000 rw-p 00000000 00:00 0 
7b4e30900000-7b4e30904000 ---p 00000000 00:00 0 
7b4e30904000-7b4e30a00000 rw-p 00000000 00:00 0 
7b4e31668000-7b4e31b00000 rw-p 00000000 00:00 0 
7b4e31c00000-7b4e33d6a000 r-xp 00000000 08:10 707802136                  /nix/store/gpxl5qgg8kicmcvivwmybwjlpf7wh20l-graalvm17-ce-22.3.0/lib/libjvmcicompiler.so
7b4e33d6a000-7b4e33f69000 ---p 0216a000 08:10 707802136                  /nix/store/gpxl5qgg8kicmcvivwmybwjlpf7wh20l-graalvm17-ce-22.3.0/lib/libjvmcicompiler.so
7b4e33f69000-7b4e33f6a000 r--p 02169000 08:10 707802136                  /nix/store/gpxl5qgg8kicmcvivwmybwjlpf7wh20l-graalvm17-ce-22.3.0/lib/libjvmcicompiler.so
7b4e33f6a000-7b4e33f6c000 rw-p 0216a000 08:10 707802136                  /nix/store/gpxl5qgg8kicmcvivwmybwjlpf7wh20l-graalvm17-ce-22.3.0/lib/libjvmcicompiler.so
7b4e33f6c000-7b4e33f6d000 rw-p 00000000 00:00 0 
7b4e33f6d000-7b4e33f72000 rw-p 023c3000 08:10 707802136                  /nix/store/gpxl5qgg8kicmcvivwmybwjlpf7wh20l-graalvm17-ce-22.3.0/lib/libjvmcicompiler.so
7b4e34000000-7b4e34021000 rw-p 00000000 00:00 0 
7b4e34021000-7b4e38000000 ---p 00000000 00:00 0 
7b4e38000000-7b4e38021000 rw-p 00000000 00:00 0 
7b4e38021000-7b4e3c000000 ---p 00000000 00:00 0 
7b4e3c000000-7b4e3c021000 rw-p 00000000 00:00 0 
7b4e3c021000-7b4e40000000 ---p 00000000 00:00 0 
7b4e40000000-7b4e40021000 rw-p 00000000 00:00 0 
7b4e40021000-7b4e44000000 ---p 00000000 00:00 0 
7b4e44000000-7b4e440d6000 rw-p 00000000 00:00 0 
7b4e440d6000-7b4e48000000 ---p 00000000 00:00 0 
7b4e48000000-7b4e48774000 rw-p 00000000 00:00 0 
7b4e48774000-7b4e4c000000 ---p 00000000 00:00 0 
7b4e4c000000-7b4e4c021000 rw-p 00000000 00:00 0 
7b4e4c021000-7b4e50000000 ---p 00000000 00:00 0 
7b4e50000000-7b4e50021000 rw-p 00000000 00:00 0 
7b4e50021000-7b4e54000000 ---p 00000000 00:00 0 
7b4e54000000-7b4e54021000 rw-p 00000000 00:00 0 
7b4e54021000-7b4e58000000 ---p 00000000 00:00 0 
7b4e58000000-7b4e58021000 rw-p 00000000 00:00 0 
7b4e58021000-7b4e5c000000 ---p 00000000 00:00 0 
7b4e5c000000-7b4e5c021000 rw-p 00000000 00:00 0 
7b4e5c021000-7b4e60000000 ---p 00000000 00:00 0 
7b4e60000000-7b4e60021000 rw-p 00000000 00:00 0 
7b4e60021000-7b4e64000000 ---p 00000000 00:00 0 
7b4e64000000-7b4e64052000 rw-p 00000000 00:00 0 
7b4e64052000-7b4e68000000 ---p 00000000 00:00 0 
7b4e68100000-7b4e68104000 ---p 00000000 00:00 0 
7b4e68104000-7b4e68200000 rw-p 00000000 00:00 0 
7b4e68200000-7b4e68204000 ---p 00000000 00:00 0 
7b4e68204000-7b4e68300000 rw-p 00000000 00:00 0 
7b4e68300000-7b4e68304000 ---p 00000000 00:00 0 
7b4e68304000-7b4e68400000 rw-p 00000000 00:00 0 
7b4e68418000-7b4e6841c000 ---p 00000000 00:00 0 
7b4e6841c000-7b4e68518000 rw-p 00000000 00:00 0 
7b4e68518000-7b4e68519000 ---p 00000000 00:00 0 
7b4e68519000-7b4e6861a000 rw-p 00000000 00:00 0 
7b4e6861a000-7b4e6861e000 ---p 00000000 00:00 0 
7b4e6861e000-7b4e6871a000 rw-p 00000000 00:00 0 
7b4e6871a000-7b4e6871e000 ---p 00000000 00:00 0 
7b4e6871e000-7b4e6881a000 rw-p 00000000 00:00 0 
7b4e6881a000-7b4e6881e000 ---p 00000000 00:00 0 
7b4e6881e000-7b4e6891a000 rw-p 00000000 00:00 0 
7b4e6891a000-7b4e6891e000 ---p 00000000 00:00 0 
7b4e6891e000-7b4e68b1a000 rw-p 00000000 00:00 0 
7b4e68b1a000-7b4e68b1e000 ---p 00000000 00:00 0 
7b4e68b1e000-7b4e68d1a000 rw-p 00000000 00:00 0 
7b4e68d1a000-7b4e68d1e000 ---p 00000000 00:00 0 
7b4e68d1e000-7b4e68e1a000 rw-p 00000000 00:00 0 
7b4e68e1a000-7b4e68e1e000 ---p 00000000 00:00 0 
7b4e68e1e000-7b4e68f1a000 rw-p 00000000 00:00 0 
7b4e68f1a000-7b4e68f1e000 ---p 00000000 00:00 0 
7b4e68f1e000-7b4e6901a000 rw-p 00000000 00:00 0 
7b4e6901a000-7b4e69300000 r--p 00000000 08:01 1059927                    /usr/lib/locale/locale-archive
7b4e69300000-7b4e69304000 ---p 00000000 00:00 0 
7b4e69304000-7b4e697f0000 rw-p 00000000 00:00 0 
7b4e697f0000-7b4e69af0000 rw-p 00000000 00:00 0 
7b4e69af0000-7b4e69c00000 rw-p 00000000 00:00 0 
7b4e69c80000-7b4e69c82000 r-xp 00000000 08:10 707802113                  /nix/store/gpxl5qgg8kicmcvivwmybwjlpf7wh20l-graalvm17-ce-22.3.0/lib/libextnet.so
7b4e69c82000-7b4e69c83000 r--p 00001000 08:10 707802113                  /nix/store/gpxl5qgg8kicmcvivwmybwjlpf7wh20l-graalvm17-ce-22.3.0/lib/libextnet.so
7b4e69c83000-7b4e69c84000 rw-p 00002000 08:10 707802113                  /nix/store/gpxl5qgg8kicmcvivwmybwjlpf7wh20l-graalvm17-ce-22.3.0/lib/libextnet.so
7b4e69c84000-7b4e69c85000 rw-p 00004000 08:10 707802113                  /nix/store/gpxl5qgg8kicmcvivwmybwjlpf7wh20l-graalvm17-ce-22.3.0/lib/libextnet.so
7b4e69c85000-7b4e69c89000 ---p 00000000 00:00 0 
7b4e69c89000-7b4e69ca7000 rw-p 00000000 00:00 0 
7b4e69ca7000-7b4e69cbc000 r-xp 00000000 08:10 707804666                  /nix/store/gpxl5qgg8kicmcvivwmybwjlpf7wh20l-graalvm17-ce-22.3.0/lib/libnet.so
7b4e69cbc000-7b4e69cbd000 ---p 00015000 08:10 707804666                  /nix/store/gpxl5qgg8kicmcvivwmybwjlpf7wh20l-graalvm17-ce-22.3.0/lib/libnet.so
7b4e69cbd000-7b4e69cbe000 r--p 00015000 08:10 707804666                  /nix/store/gpxl5qgg8kicmcvivwmybwjlpf7wh20l-graalvm17-ce-22.3.0/lib/libnet.so
7b4e69cbe000-7b4e69cbf000 rw-p 00016000 08:10 707804666                  /nix/store/gpxl5qgg8kicmcvivwmybwjlpf7wh20l-graalvm17-ce-22.3.0/lib/libnet.so
7b4e69cbf000-7b4e69cc2000 rw-p 0001b000 08:10 707804666                  /nix/store/gpxl5qgg8kicmcvivwmybwjlpf7wh20l-graalvm17-ce-22.3.0/lib/libnet.so
7b4e69cc2000-7b4e69cd5000 r-xp 00000000 08:10 707804667                  /nix/store/gpxl5qgg8kicmcvivwmybwjlpf7wh20l-graalvm17-ce-22.3.0/lib/libnio.so
7b4e69cd5000-7b4e69cd6000 r--p 00012000 08:10 707804667                  /nix/store/gpxl5qgg8kicmcvivwmybwjlpf7wh20l-graalvm17-ce-22.3.0/lib/libnio.so
7b4e69cd6000-7b4e69cd7000 rw-p 00013000 08:10 707804667                  /nix/store/gpxl5qgg8kicmcvivwmybwjlpf7wh20l-graalvm17-ce-22.3.0/lib/libnio.so
7b4e69cd7000-7b4e69cdc000 rw-p 00019000 08:10 707804667                  /nix/store/gpxl5qgg8kicmcvivwmybwjlpf7wh20l-graalvm17-ce-22.3.0/lib/libnio.so
7b4e69cdc000-7b4e69ce0000 ---p 00000000 00:00 0 
7b4e69ce0000-7b4e69ddc000 rw-p 00000000 00:00 0 
7b4e69ddc000-7b4e69ddd000 ---p 00000000 00:00 0 
7b4e69ddd000-7b4e69ede000 rw-p 00000000 00:00 0 
7b4e69ede000-7b4e69fac000 r-xp 00000000 08:10 707802132                  /nix/store/gpxl5qgg8kicmcvivwmybwjlpf7wh20l-graalvm17-ce-22.3.0/lib/libjsvml.so
7b4e69fac000-7b4e69fad000 r--p 000cd000 08:10 707802132                  /nix/store/gpxl5qgg8kicmcvivwmybwjlpf7wh20l-graalvm17-ce-22.3.0/lib/libjsvml.so
7b4e69fad000-7b4e69fae000 rw-p 000ce000 08:10 707802132                  /nix/store/gpxl5qgg8kicmcvivwmybwjlpf7wh20l-graalvm17-ce-22.3.0/lib/libjsvml.so
7b4e69fae000-7b4e6b4b3000 rw-p 00000000 00:00 0 
7b4e6b4b3000-7b4e6b723000 rwxp 00000000 00:00 0 
7b4e6b723000-7b4e6ba42000 ---p 00000000 00:00 0 
7b4e6ba42000-7b4e6ca62000 rwxp 00000000 00:00 0 
7b4e6ca62000-7b4e72f7a000 ---p 00000000 00:00 0 
7b4e72f7a000-7b4e7320a000 rwxp 00000000 00:00 0 
7b4e7320a000-7b4e7a4b3000 ---p 00000000 00:00 0 
7b4e7a4b3000-7b4e84000000 r--s 00000000 08:10 707804677                  /nix/store/gpxl5qgg8kicmcvivwmybwjlpf7wh20l-graalvm17-ce-22.3.0/lib/modules
7b4e84000000-7b4e843ff000 rw-p 00000000 00:00 0 
7b4e843ff000-7b4e88000000 ---p 00000000 00:00 0 
7b4e88001000-7b4e88008000 r-xp 00000000 08:10 707804676                  /nix/store/gpxl5qgg8kicmcvivwmybwjlpf7wh20l-graalvm17-ce-22.3.0/lib/libzip.so
7b4e88008000-7b4e88009000 ---p 00007000 08:10 707804676                  /nix/store/gpxl5qgg8kicmcvivwmybwjlpf7wh20l-graalvm17-ce-22.3.0/lib/libzip.so
7b4e88009000-7b4e8800a000 r--p 00007000 08:10 707804676                  /nix/store/gpxl5qgg8kicmcvivwmybwjlpf7wh20l-graalvm17-ce-22.3.0/lib/libzip.so
7b4e8800a000-7b4e8800b000 rw-p 00008000 08:10 707804676                  /nix/store/gpxl5qgg8kicmcvivwmybwjlpf7wh20l-graalvm17-ce-22.3.0/lib/libzip.so
7b4e8800b000-7b4e8800d000 rw-p 0000b000 08:10 707804676                  /nix/store/gpxl5qgg8kicmcvivwmybwjlpf7wh20l-graalvm17-ce-22.3.0/lib/libzip.so
7b4e8800d000-7b4e883e0000 rw-p 00000000 00:00 0 
7b4e883e0000-7b4e883e1000 ---p 00000000 00:00 0 
7b4e883e1000-7b4e88579000 rw-p 00000000 00:00 0 
7b4e88579000-7b4e885ab000 rw-p 00000000 00:00 0 
7b4e885ab000-7b4e885e2000 ---p 00000000 00:00 0 
7b4e885e2000-7b4e885e9000 rw-p 00000000 00:00 0 
7b4e885e9000-7b4e886ce000 ---p 00000000 00:00 0 
7b4e886ce000-7b4e886ef000 rw-p 00000000 00:00 0 
7b4e886ef000-7b4e887b9000 ---p 00000000 00:00 0 
7b4e887b9000-7b4e887be000 rw-p 00000000 00:00 0 
7b4e887be000-7b4e887c5000 ---p 00000000 00:00 0 
7b4e887c5000-7b4e887e9000 r-xp 00000000 08:10 707802124                  /nix/store/gpxl5qgg8kicmcvivwmybwjlpf7wh20l-graalvm17-ce-22.3.0/lib/libjava.so
7b4e887e9000-7b4e887ea000 ---p 00024000 08:10 707802124                  /nix/store/gpxl5qgg8kicmcvivwmybwjlpf7wh20l-graalvm17-ce-22.3.0/lib/libjava.so
7b4e887ea000-7b4e887eb000 r--p 00024000 08:10 707802124                  /nix/store/gpxl5qgg8kicmcvivwmybwjlpf7wh20l-graalvm17-ce-22.3.0/lib/libjava.so
7b4e887eb000-7b4e887ec000 rw-p 00025000 08:10 707802124                  /nix/store/gpxl5qgg8kicmcvivwmybwjlpf7wh20l-graalvm17-ce-22.3.0/lib/libjava.so
7b4e887ec000-7b4e887ed000 rw-p 00000000 00:00 0 
7b4e887ed000-7b4e887f4000 rw-p 0002f000 08:10 707802124                  /nix/store/gpxl5qgg8kicmcvivwmybwjlpf7wh20l-graalvm17-ce-22.3.0/lib/libjava.so
7b4e887f4000-7b4e887fc000 rw-s 00000000 00:1120 375                      /tmp/hsperfdata_runner/54
7b4e887fc000-7b4e887fd000 ---p 00000000 00:00 0 
7b4e887fd000-7b4e887fe000 r--p 00000000 00:00 0 
7b4e887fe000-7b4e887ff000 rwxp 00000000 00:00 0 
7b4e887ff000-7b4e8881a000 r-xp 00000000 08:10 707802128                  /nix/store/gpxl5qgg8kicmcvivwmybwjlpf7wh20l-graalvm17-ce-22.3.0/lib/libjimage.so
7b4e8881a000-7b4e8881b000 ---p 0001b000 08:10 707802128                  /nix/store/gpxl5qgg8kicmcvivwmybwjlpf7wh20l-graalvm17-ce-22.3.0/lib/libjimage.so
7b4e8881b000-7b4e8881d000 r--p 0001b000 08:10 707802128                  /nix/store/gpxl5qgg8kicmcvivwmybwjlpf7wh20l-graalvm17-ce-22.3.0/lib/libjimage.so
7b4e8881d000-7b4e8881e000 rw-p 0001d000 08:10 707802128                  /nix/store/gpxl5qgg8kicmcvivwmybwjlpf7wh20l-graalvm17-ce-22.3.0/lib/libjimage.so
7b4e8881e000-7b4e8881f000 rw-p 00024000 08:10 707802128                  /nix/store/gpxl5qgg8kicmcvivwmybwjlpf7wh20l-graalvm17-ce-22.3.0/lib/libjimage.so
7b4e8881f000-7b4e88823000 ---p 00000000 00:00 0 
7b4e88823000-7b4e8891f000 rw-p 00000000 00:00 0 
7b4e8891f000-7b4e8892d000 r--p 00000000 08:10 600592023                  /nix/store/4nlgxhb09sdr51nc9hdm8az5b08vzkgx-glibc-2.35-163/lib/libm.so.6
7b4e8892d000-7b4e889a0000 r-xp 0000e000 08:10 600592023                  /nix/store/4nlgxhb09sdr51nc9hdm8az5b08vzkgx-glibc-2.35-163/lib/libm.so.6
7b4e889a0000-7b4e889fd000 r--p 00081000 08:10 600592023                  /nix/store/4nlgxhb09sdr51nc9hdm8az5b08vzkgx-glibc-2.35-163/lib/libm.so.6
7b4e889fd000-7b4e889fe000 r--p 000dd000 08:10 600592023                  /nix/store/4nlgxhb09sdr51nc9hdm8az5b08vzkgx-glibc-2.35-163/lib/libm.so.6
7b4e889fe000-7b4e889ff000 rw-p 000de000 08:10 600592023                  /nix/store/4nlgxhb09sdr51nc9hdm8az5b08vzkgx-glibc-2.35-163/lib/libm.so.6
7b4e889ff000-7b4e88a00000 r--p 00000000 08:10 600592042                  /nix/store/4nlgxhb09sdr51nc9hdm8az5b08vzkgx-glibc-2.35-163/lib/librt.so.1
7b4e88a00000-7b4e88a01000 r-xp 00001000 08:10 600592042                  /nix/store/4nlgxhb09sdr51nc9hdm8az5b08vzkgx-glibc-2.35-163/lib/librt.so.1
7b4e88a01000-7b4e88a02000 r--p 00002000 08:10 600592042                  /nix/store/4nlgxhb09sdr51nc9hdm8az5b08vzkgx-glibc-2.35-163/lib/librt.so.1
7b4e88a02000-7b4e88a03000 r--p 00002000 08:10 600592042                  /nix/store/4nlgxhb09sdr51nc9hdm8az5b08vzkgx-glibc-2.35-163/lib/librt.so.1
7b4e88a03000-7b4e88a04000 rw-p 00003000 08:10 600592042                  /nix/store/4nlgxhb09sdr51nc9hdm8az5b08vzkgx-glibc-2.35-163/lib/librt.so.1
7b4e88a04000-7b4e89b17000 r-xp 00000000 08:10 707972962                  /nix/store/gpxl5qgg8kicmcvivwmybwjlpf7wh20l-graalvm17-ce-22.3.0/lib/server/libjvm.so
7b4e89b17000-7b4e89b18000 ---p 01113000 08:10 707972962                  /nix/store/gpxl5qgg8kicmcvivwmybwjlpf7wh20l-graalvm17-ce-22.3.0/lib/server/libjvm.so
7b4e89b18000-7b4e89bcd000 r--p 01113000 08:10 707972962                  /nix/store/gpxl5qgg8kicmcvivwmybwjlpf7wh20l-graalvm17-ce-22.3.0/lib/server/libjvm.so
7b4e89bcd000-7b4e89c01000 rw-p 011c8000 08:10 707972962                  /nix/store/gpxl5qgg8kicmcvivwmybwjlpf7wh20l-graalvm17-ce-22.3.0/lib/server/libjvm.so
7b4e89c01000-7b4e89c5d000 rw-p 00000000 00:00 0 
7b4e89c5d000-7b4e89c85000 r--p 00000000 08:10 600592014                  /nix/store/4nlgxhb09sdr51nc9hdm8az5b08vzkgx-glibc-2.35-163/lib/libc.so.6
7b4e89c85000-7b4e89dfb000 r-xp 00028000 08:10 600592014                  /nix/store/4nlgxhb09sdr51nc9hdm8az5b08vzkgx-glibc-2.35-163/lib/libc.so.6
7b4e89dfb000-7b4e89e53000 r--p 0019e000 08:10 600592014                  /nix/store/4nlgxhb09sdr51nc9hdm8az5b08vzkgx-glibc-2.35-163/lib/libc.so.6
7b4e89e53000-7b4e89e57000 r--p 001f6000 08:10 600592014                  /nix/store/4nlgxhb09sdr51nc9hdm8az5b08vzkgx-glibc-2.35-163/lib/libc.so.6
7b4e89e57000-7b4e89e59000 rw-p 001fa000 08:10 600592014                  /nix/store/4nlgxhb09sdr51nc9hdm8az5b08vzkgx-glibc-2.35-163/lib/libc.so.6
7b4e89e59000-7b4e89e68000 rw-p 00000000 00:00 0 
7b4e89e68000-7b4e89e69000 r--p 00000000 08:10 600592019                  /nix/store/4nlgxhb09sdr51nc9hdm8az5b08vzkgx-glibc-2.35-163/lib/libdl.so.2
7b4e89e69000-7b4e89e6a000 r-xp 00001000 08:10 600592019                  /nix/store/4nlgxhb09sdr51nc9hdm8az5b08vzkgx-glibc-2.35-163/lib/libdl.so.2
7b4e89e6a000-7b4e89e6b000 r--p 00002000 08:10 600592019                  /nix/store/4nlgxhb09sdr51nc9hdm8az5b08vzkgx-glibc-2.35-163/lib/libdl.so.2
7b4e89e6b000-7b4e89e6c000 r--p 00002000 08:10 600592019                  /nix/store/4nlgxhb09sdr51nc9hdm8az5b08vzkgx-glibc-2.35-163/lib/libdl.so.2
7b4e89e6c000-7b4e89e6d000 rw-p 00003000 08:10 600592019                  /nix/store/4nlgxhb09sdr51nc9hdm8az5b08vzkgx-glibc-2.35-163/lib/libdl.so.2
7b4e89e6d000-7b4e89e6e000 r--p 00000000 08:10 600592038                  /nix/store/4nlgxhb09sdr51nc9hdm8az5b08vzkgx-glibc-2.35-163/lib/libpthread.so.0
7b4e89e6e000-7b4e89e6f000 r-xp 00001000 08:10 600592038                  /nix/store/4nlgxhb09sdr51nc9hdm8az5b08vzkgx-glibc-2.35-163/lib/libpthread.so.0
7b4e89e6f000-7b4e89e70000 r--p 00002000 08:10 600592038                  /nix/store/4nlgxhb09sdr51nc9hdm8az5b08vzkgx-glibc-2.35-163/lib/libpthread.so.0
7b4e89e70000-7b4e89e71000 r--p 00002000 08:10 600592038                  /nix/store/4nlgxhb09sdr51nc9hdm8az5b08vzkgx-glibc-2.35-163/lib/libpthread.so.0
7b4e89e71000-7b4e89e72000 rw-p 00003000 08:10 600592038                  /nix/store/4nlgxhb09sdr51nc9hdm8az5b08vzkgx-glibc-2.35-163/lib/libpthread.so.0
7b4e89e72000-7b4e89e80000 r-xp 00000000 08:10 707802129                  /nix/store/gpxl5qgg8kicmcvivwmybwjlpf7wh20l-graalvm17-ce-22.3.0/lib/libjli.so
7b4e89e80000-7b4e89e81000 ---p 0000e000 08:10 707802129                  /nix/store/gpxl5qgg8kicmcvivwmybwjlpf7wh20l-graalvm17-ce-22.3.0/lib/libjli.so
7b4e89e81000-7b4e89e82000 r--p 0000e000 08:10 707802129                  /nix/store/gpxl5qgg8kicmcvivwmybwjlpf7wh20l-graalvm17-ce-22.3.0/lib/libjli.so
7b4e89e82000-7b4e89e83000 rw-p 0000f000 08:10 707802129                  /nix/store/gpxl5qgg8kicmcvivwmybwjlpf7wh20l-graalvm17-ce-22.3.0/lib/libjli.so
7b4e89e83000-7b4e89e84000 rw-p 00012000 08:10 707802129                  /nix/store/gpxl5qgg8kicmcvivwmybwjlpf7wh20l-graalvm17-ce-22.3.0/lib/libjli.so
7b4e89e84000-7b4e89e87000 r--p 00000000 08:10 678822167                  /nix/store/026hln0aq1hyshaxsdvhg0kmcm6yf45r-zlib-1.2.13/lib/libz.so.1.2.13
7b4e89e87000-7b4e89e99000 r-xp 00003000 08:10 678822167                  /nix/store/026hln0aq1hyshaxsdvhg0kmcm6yf45r-zlib-1.2.13/lib/libz.so.1.2.13
7b4e89e99000-7b4e89ea0000 r--p 00015000 08:10 678822167                  /nix/store/026hln0aq1hyshaxsdvhg0kmcm6yf45r-zlib-1.2.13/lib/libz.so.1.2.13
7b4e89ea0000-7b4e89ea1000 r--p 0001b000 08:10 678822167                  /nix/store/026hln0aq1hyshaxsdvhg0kmcm6yf45r-zlib-1.2.13/lib/libz.so.1.2.13
7b4e89ea1000-7b4e89ea2000 rw-p 0001c000 08:10 678822167                  /nix/store/026hln0aq1hyshaxsdvhg0kmcm6yf45r-zlib-1.2.13/lib/libz.so.1.2.13
7b4e89ea2000-7b4e89ea4000 rw-p 00000000 00:00 0 
7b4e89ea4000-7b4e89ea6000 r--p 00000000 08:10 600592008                  /nix/store/4nlgxhb09sdr51nc9hdm8az5b08vzkgx-glibc-2.35-163/lib/ld-linux-x86-64.so.2
7b4e89ea6000-7b4e89ecd000 r-xp 00002000 08:10 600592008                  /nix/store/4nlgxhb09sdr51nc9hdm8az5b08vzkgx-glibc-2.35-163/lib/ld-linux-x86-64.so.2
7b4e89ecd000-7b4e89ed9000 r--p 00029000 08:10 600592008                  /nix/store/4nlgxhb09sdr51nc9hdm8az5b08vzkgx-glibc-2.35-163/lib/ld-linux-x86-64.so.2
7b4e89ed9000-7b4e89edb000 r--p 00034000 08:10 600592008                  /nix/store/4nlgxhb09sdr51nc9hdm8az5b08vzkgx-glibc-2.35-163/lib/ld-linux-x86-64.so.2
7b4e89edb000-7b4e89edd000 rw-p 00036000 08:10 600592008                  /nix/store/4nlgxhb09sdr51nc9hdm8az5b08vzkgx-glibc-2.35-163/lib/ld-linux-x86-64.so.2
7ffdc06ca000-7ffdc06ee000 rw-p 00000000 00:00 0                          [stack]
7ffdc07ae000-7ffdc07b2000 r--p 00000000 00:00 0                          [vvar]
7ffdc07b2000-7ffdc07b4000 r-xp 00000000 00:00 0                          [vdso]
ffffffffff600000-ffffffffff601000 --xp 00000000 00:00 0                  [vsyscall]


VM Arguments:
jvm_args: -XX:ThreadPriorityPolicy=1 -XX:+UnlockExperimentalVMOptions -XX:+EnableJVMCIProduct -XX:JVMCIThreadsPerNativeLibraryRuntime=1 -XX:-UnlockExperimentalVMOptions -Declipse.application=org.eclipse.jdt.ls.core.id1 -Dosgi.bundles.defaultStartLevel=4 -Declipse.product=org.eclipse.jdt.ls.core.product -Dlog.level=ALL -Xverify:none -XX:+UseParallelGC -XX:GCTimeRatio=4 -XX:AdaptiveSizePolicyWeight=90 -Dsun.zip.disableMemoryMapping=true -Xmx512m -Xms100m 
java_command: /nix/store/q9712qvwdh22a4krw4jz2sjrz07mvjbl-jdt-language-server-1.9.0/share/java/plugins/org.eclipse.equinox.launcher_1.6.400.v20210924-0641.jar --add-modules=ALL-SYSTEM --add-opens java.base/java.util=ALL-UNNAMED --add-opens java.base/java.lang=ALL-UNNAMED -configuration /home/runner/DearWeakNetwork/.cache/jdt-language-server/config -data /home/runner/.cache/jdt-language-server/data/home/runner/DearWeakNetwork
java_class_path (initial): /nix/store/q9712qvwdh22a4krw4jz2sjrz07mvjbl-jdt-language-server-1.9.0/share/java/plugins/org.eclipse.equinox.launcher_1.6.400.v20210924-0641.jar
Launcher Type: SUN_STANDARD

[Global flags]
    uintx AdaptiveSizePolicyWeight                 = 90                                        {product} {command line}
     intx CICompilerCount                          = 2                                         {product} {ergonomic}
     bool EnableJVMCIProduct                       = true                                {JVMCI product} {jimage}
    uintx GCTimeRatio                              = 4                                         {product} {command line}
   size_t InitialHeapSize                          = 104857600                                 {product} {command line}
     uint JVMCIThreadsPerNativeLibraryRuntime      = 1                                   {JVMCI product} {jimage}
   size_t MaxHeapSize                              = 536870912                                 {product} {command line}
   size_t MaxNewSize                               = 178782208                                 {product} {ergonomic}
   size_t MinHeapDeltaBytes                        = 524288                                    {product} {ergonomic}
   size_t MinHeapSize                              = 104857600                                 {product} {command line}
   size_t NewSize                                  = 34603008                                  {product} {ergonomic}
    uintx NonNMethodCodeHeapSize                   = 5826188                                {pd product} {ergonomic}
    uintx NonProfiledCodeHeapSize                  = 122916026                              {pd product} {ergonomic}
   size_t OldSize                                  = 70254592                                  {product} {ergonomic}
    uintx ProfiledCodeHeapSize                     = 122916026                              {pd product} {ergonomic}
    uintx ReservedCodeCacheSize                    = 251658240                              {pd product} {ergonomic}
     bool SegmentedCodeCache                       = true                                      {product} {ergonomic}
   size_t SoftMaxHeapSize                          = 536870912                              {manageable} {ergonomic}
     intx ThreadPriorityPolicy                     = 1                                         {product} {jimage}
     bool UseCompressedClassPointers               = true                           {product lp64_product} {ergonomic}
     bool UseCompressedOops                        = true                           {product lp64_product} {ergonomic}
     bool UseParallelGC                            = true                                      {product} {command line}

Logging:
Log output configuration:
 #0: stdout all=warning uptime,level,tags
 #1: stderr all=off uptime,level,tags

Environment Variables:
JAVA_HOME=/nix/store/gpxl5qgg8kicmcvivwmybwjlpf7wh20l-graalvm17-ce-22.3.0
PATH=/nix/store/1d6ian3r8kdzspw8hacjhl3xkp40g1lj-binutils-wrapper-2.39/bin:/nix/store/dq0xwmsk1g0i2ayg6pb7y87na2knzylh-gcc-wrapper-11.3.0/bin:/nix/store/bap4d0lpcrhpwmpb8ayjcgkmvfj62lnq-bash-interactive-5.1-p16/bin:/nix/store/pr5n59mb4jzmfx6kanwxly0l07p861fg-patchelf-0.15.0/bin:/nix/store/1gf2flfqnpqbr1b4p4qz2f72y42bs56r-gcc-11.3.0/bin:/nix/store/57xv61c5zi8pphjbcwxxjlgc34p61ic9-glibc-2.35-163-bin/bin:/nix/store/a7gvj343m05j2s32xcnwr35v31ynlypr-coreutils-9.1/bin:/nix/store/039g378vc3pc3dvi9dzdlrd0i4q93qwf-binutils-2.39/bin:/nix/store/gpxl5qgg8kicmcvivwmybwjlpf7wh20l-graalvm17-ce-22.3.0/bin:/nix/store/6z9ag3ihc8mq2hzsw48lhbznvzny65nz-apache-maven-3.8.6/bin:/nix/store/q9712qvwdh22a4krw4jz2sjrz07mvjbl-jdt-language-server-1.9.0/bin:/nix/store/9zdrgm97n766nc0kj11x4xvvp00qlfk9-java-debug/bin:/nix/store/18y8p4mjwjy26npih04hfv48wz9czgk3-attr-2.5.1-bin/bin:/nix/store/q8s1kzhsblr2a1p2g0lh2dkcgca1im3z-libcap-2.66/bin:/nix/store/bvihhgw8bh6cqqlj0d4s8cvmm4mqmzfc-pulseaudio-16.1/bin:/nix/store/mydc6f4k2z73xlcz7ilif3v2lcaiqvza-findutils-4.9.0/bin:/nix/store/j9p3g8472iijd50vhdprx0nmk2fqn5gv-diffutils-3.8/bin:/nix/store/89zs7rms6x00xfq4dq6m7mjnhkr8a6r4-gnused-4.8/bin:/nix/store/86bp03jkmsl6f92w0yzg4s59g5mhxwmy-gnugrep-3.7/bin:/nix/store/hwcdqw4jrjnd37wxqgsd47hd0j8bnj09-gawk-5.1.1/bin:/nix/store/cfbhw8r8ags41vwqaz47r583d0p4h4a1-gnutar-1.34/bin:/nix/store/p3m1ndl1lapwrlh698bnb5lvvxh67378-gzip-1.12/bin:/nix/store/a8mhcagrsly7c7mpjrpsnaahk4aax056-bzip2-1.0.8-bin/bin:/nix/store/mblgz65m3zv9x548a3d5m96fj2pbwr09-gnumake-4.3/bin:/nix/store/dsd5gz46hdbdk2rfdimqddhq6m8m8fqs-bash-5.1-p16/bin:/nix/store/v7ljksji50mg3w61dykaa3n3y79n6nil-patch-2.7.6/bin:/nix/store/zlcnmqq14jz5x9439jf937mvayyl63da-xz-5.2.7-bin/bin:/nix/store/y6aj732zm9m87c82fpvf103a1xb22blp-file-5.43/bin:/nix/store/n3djb3gi9b9k3d9n5pgk2hrb0gkw5217-pid1/bin:/nix/store/lpmc13klbgrfbc87ahf14rhv6y78chxz-replit-runtime-path/bin:/home/runner/.nix-profile/bin:/home/runner/.local/bin:/usr/local/sbin:/usr/local/bin:/usr/sbin:/usr/bin:/sbin:/b
LD_LIBRARY_PATH=/nix/store/a4pff549sk2idnkpzk5nsfps3mdkdnvm-cups-2.4.2-lib/lib:/nix/store/72mqxxhh3cy5yifh92wh2yb8cl2hikyy-cairo-1.16.0/lib:/nix/store/2k366jrbsra97gjfxwvrhvixjfxdach5-glib-2.74.1/lib:/nix/store/2j2znigd8ak37rlwh9khz0ry3clqlw1l-gtk+3-3.24.34/lib
DISPLAY=:0
LANG=en_US.UTF-8

Signal Handlers:
   SIGSEGV: crash_handler in libjvm.so, mask=11100100010111111101111111111110, flags=SA_RESTART|SA_SIGINFO
    SIGBUS: crash_handler in libjvm.so, mask=11100100010111111101111111111110, flags=SA_RESTART|SA_SIGINFO
    SIGFPE: crash_handler in libjvm.so, mask=11100100010111111101111111111110, flags=SA_RESTART|SA_SIGINFO
   SIGPIPE: IsolateEnterStub_IgnoreSIGPIPEStartupHook_noopSignalHandler_8f19bff2f35b5f630d83b364d6b2339320d4ec70_216e8361c6bc87a8f89f58cc10d3b2fd4415bf87 in libjvmcicompiler.so, mask=00000000000000000000000000000000, flags=SA_RESTART
  *** Handler was modified!
  *** Expected: javaSignalHandler in libjvm.so, mask=11100100110111111111111111111110, flags=SA_RESTART|SA_SIGINFO
   SIGXFSZ: javaSignalHandler in libjvm.so, mask=11100100010111111101111111111110, flags=SA_RESTART|SA_SIGINFO
    SIGILL: crash_handler in libjvm.so, mask=11100100010111111101111111111110, flags=SA_RESTART|SA_SIGINFO
   SIGUSR2: SR_handler in libjvm.so, mask=00000000000000000000000000000000, flags=SA_RESTART|SA_SIGINFO
    SIGHUP: UserHandler in libjvm.so, mask=11100100010111111101111111111110, flags=SA_RESTART|SA_SIGINFO
    SIGINT: UserHandler in libjvm.so, mask=11100100010111111101111111111110, flags=SA_RESTART|SA_SIGINFO
   SIGTERM: UserHandler in libjvm.so, mask=11100100010111111101111111111110, flags=SA_RESTART|SA_SIGINFO
   SIGQUIT: UserHandler in libjvm.so, mask=11100100010111111101111111111110, flags=SA_RESTART|SA_SIGINFO
  *** Handler was modified!
  *** Expected: javaSignalHandler in libjvm.so, mask=11100100110111111111111111111110, flags=SA_RESTART|SA_SIGINFO
   SIGTRAP: crash_handler in libjvm.so, mask=11100100010111111101111111111110, flags=SA_RESTART|SA_SIGINFO


---------------  S Y S T E M  ---------------

OS:
DISTRIB_ID=Ubuntu
DISTRIB_RELEASE=20.04
DISTRIB_CODENAME=focal
DISTRIB_DESCRIPTION="Ubuntu 20.04.2 LTS"
uname: Linux 6.5.0-1018-gcp #18~22.04.1-Ubuntu SMP Fri Apr  5 04:57:38 UTC 2024 x86_64
OS uptime: 0 days 3:59 hours
libc: glibc 2.35 NPTL 2.35 
rlimit (soft/hard): STACK 8192k/infinity , CORE infinity/infinity , NPROC infinity/infinity , NOFILE 5242/5242 , AS infinity/infinity , CPU infinity/infinity , DATA infinity/infinity , FSIZE infinity/infinity , MEMLOCK 8192k/8192k
load average: 11.31 12.38 11.25

/proc/meminfo:
MemTotal:       65835392 kB
MemFree:        36835524 kB
MemAvailable:   47620996 kB
Buffers:          371468 kB
Cached:         10309164 kB
SwapCached:            0 kB
Active:         18298800 kB
Inactive:        8509812 kB
Active(anon):   16005064 kB
Inactive(anon):   166424 kB
Active(file):    2293736 kB
Inactive(file):  8343388 kB
Unevictable:       27828 kB
Mlocked:           27828 kB
SwapTotal:             0 kB
SwapFree:              0 kB
Zswap:                 0 kB
Zswapped:              0 kB
Dirty:              4468 kB
Writeback:             0 kB
AnonPages:      16054196 kB
Mapped:          2291104 kB
Shmem:            227356 kB
KReclaimable:     874800 kB
Slab:            1406800 kB
SReclaimable:     874800 kB
SUnreclaim:       532000 kB
KernelStack:      147528 kB
PageTables:       254536 kB
SecPageTables:         0 kB
NFS_Unstable:          0 kB
Bounce:                0 kB
WritebackTmp:          0 kB
CommitLimit:    32917696 kB
Committed_AS:   51778264 kB
VmallocTotal:   34359738367 kB
VmallocUsed:      172944 kB
VmallocChunk:          0 kB
Percpu:            38176 kB
HardwareCorrupted:     0 kB
AnonHugePages:    135168 kB
ShmemHugePages:        0 kB
ShmemPmdMapped:        0 kB
FileHugePages:         0 kB
FilePmdMapped:         0 kB
Unaccepted:            0 kB
HugePages_Total:       0
HugePages_Free:        0
HugePages_Rsvd:        0
HugePages_Surp:        0
Hugepagesize:       2048 kB
Hugetlb:               0 kB
DirectMap4k:      162616 kB
DirectMap2M:    16611328 kB
DirectMap1G:    52428800 kB

/sys/kernel/mm/transparent_hugepage/enabled: always [madvise] never
/sys/kernel/mm/transparent_hugepage/defrag (defrag/compaction efforts parameter): always defer defer+madvise [madvise] never

Process Memory:
Virtual Size: 5466748K (peak: 5494588K)
Resident Set Size: 749176K (peak: 783888K) (anon: 551228K, file: 197948K, shmem: 0K)
Swapped out: 0K
C-Heap outstanding allocations: 40259K, retained: 12852K
glibc malloc tunables: (default)

/proc/sys/kernel/threads-max (system-wide limit on the number of threads): 514277
/proc/sys/vm/max_map_count (maximum number of memory map areas a process may have): 65530
/proc/sys/kernel/pid_max (system-wide limit on number of process identifiers): 4194304

container (cgroup) information:
container_type: cgroupv2
cpu_cpuset_cpus: not supported
cpu_memory_nodes: not supported
active_processor_count: 1
cpu_quota: 50000
cpu_period: 100000
cpu_shares: no shares
memory_limit_in_bytes: 1048576 k
memory_and_swap_limit_in_bytes: unlimited
memory_soft_limit_in_bytes: 524288 k
memory_usage_in_bytes: 614936 k
memory_max_usage_in_bytes: not supported
maximum number of tasks: not supported
current number of tasks: not supported

KVM virtualization detected
Steal ticks since vm start: 2380
Steal ticks percentage since vm start:  0.006

CPU: total 8 (initial active 1) (4 cores per cpu, 2 threads per core) family 6 model 79 stepping 0 microcode 0xffffffff, cx8, cmov, fxsr, ht, mmx, 3dnowpref, sse, sse2, sse3, ssse3, sse4.1, sse4.2, popcnt, lzcnt, tsc, tscinvbit, avx, avx2, aes, erms, clmul, bmi1, bmi2, rtm, adx, fma, vzeroupper, clflush, hv
CPU Model and flags from /proc/cpuinfo:
model name	: Intel(R) Xeon(R) CPU @ 2.20GHz
flags		: fpu vme de pse tsc msr pae mce cx8 apic sep mtrr pge mca cmov pat pse36 clflush mmx fxsr sse sse2 ss ht syscall nx pdpe1gb rdtscp lm constant_tsc rep_good nopl xtopology nonstop_tsc cpuid tsc_known_freq pni pclmulqdq ssse3 fma cx16 pcid sse4_1 sse4_2 x2apic movbe popcnt aes xsave avx f16c rdrand hypervisor lahf_lm abm 3dnowprefetch invpcid_single pti ssbd ibrs ibpb stibp fsgsbase tsc_adjust bmi1 hle avx2 smep bmi2 erms invpcid rtm rdseed adx smap xsaveopt arat md_clear arch_capabilities

Online cpus: 0-7
Offline cpus: 
BIOS frequency limitation: <Not Available>
Frequency switch latency (ns): <Not Available>
Available cpu frequencies: <Not Available>
Current governor: <Not Available>
Core performance/turbo boost: <Not Available>

Memory: 4k page, physical 1048576k(433628k free), swap 0k(0k free)
Page Sizes: 4k

vm_info: OpenJDK 64-Bit Server VM (17.0.5+8-jvmci-22.3-b08) for linux-amd64 JRE (17.0.5+8-jvmci-22.3-b08), built on Oct 19 2022 09:01:27 by "buildslave" with gcc 10.3.0

END.
